2026-03-19 09:33:29,887 [AdsBot] HTTP Request: POST https://api.telegram.org/bot8720525169:AAHy-8lXS2JL0Kue0XCaMhpsiUm8bGcaPB8/getMe "HTTP/1.1 200 OK"
2026-03-19 09:33:29,900 [AdsBot] Application started
2026-03-19 09:33:30,011 [AdsBot] HTTP Request: POST https://api.telegram.org/bot8720525169:AAHy-8lXS2JL0Kue0XCaMhpsiUm8bGcaPB8/deleteWebhook "HTTP/1.1 200 OK"
2026-03-19 09:33:30,012 [AdsBot] ✅ @Myadsformebot онлайн
2026-03-19 09:33:40,543 [AdsBot] HTTP Request: POST https://api.telegram.org/bot8720525169:AAHy-8lXS2JL0Kue0XCaMhpsiUm8bGcaPB8/getUpdates "HTTP/1.1 200 OK"
2026-03-19 09:33:50,675 [AdsBot] HTTP Request: POST https://api.telegram.org/bot8720525169:AAHy-8lXS2JL0Kue0XCaMhpsiUm8bGcaPB8/getUpdates "HTTP/1.1 200 OK"
2026-03-19 09:34:00,803 [AdsBot] HTTP Request: POST https://api.telegram.org/bot8720525169:AAHy-8lXS2JL0Kue0XCaMhpsiUm8bGcaPB8/getUpdates "HTTP/1.1 200 OK"
2026-03-19 09:34:10,950 [AdsBot] HTTP Request: POST https://api.telegram.org/bot8720525169:AAHy-8lXS2JL0Kue0XCaMhpsiUm8bGcaPB8/getUpdates "HTTP/1.1 200 OK"
2026-03-19 09:34:21,086 [AdsBot] HTTP Request: POST https://api.telegram.org/bot8720525169:AAHy-8lXS2JL0Kue0XCaMhpsiUm8bGcaPB8/getUpdates "HTTP/1.1 200 OK"
2026-03-19 09:34:31,223 [AdsBot] HTTP Request: POST https://api.telegram.org/bot8720525169:AAHy-8lXS2JL0Kue0XCaMhpsiUm8bGcaPB8/getUpdates "HTTP/1.1 200 OK"
2026-03-19 09:34:41,364 [AdsBot] HTTP Request: POST https://api.telegram.org/bot8720525169:AAHy-8lXS2JL0Kue0XCaMhpsiUm8bGcaPB8/getUpdates "HTTP/1.1 200 OK"
2026-03-19 09:34:51,503 [AdsBot] HTTP Request: POST https://api.telegram.org/bot8720525169:AAHy-8lXS2JL0Kue0XCaMhpsiUm8bGcaPB8/getUpdates "HTTP/1.1 200 OK"
2026-03-19 09:35:01,738 [AdsBot] HTTP Request: POST https://api.telegram.org/bot8720525169:AAHy-8lXS2JL0Kue0XCaMhpsiUm8bGcaPB8/getUpdates "HTTP/1.1 200 OK"
2026-03-19 09:35:11,882 [AdsBot] HTTP Request: POST https://api.telegram.org/bot8720525169:AAHy-8lXS2JL0Kue0XCaMhpsiUm8bGcaPB8/getUpdates "HTTP/1.1 200 OK"
2026-03-19 09:35:22,016 [AdsBot] HTTP Request: POST https://api.telegram.org/bot8720525169:AAHy-8lXS2JL0Kue0XCaMhpsiUm8bGcaPB8/getUpdates "HTTP/1.1 200 OK"
2026-03-19 09:35:32,151 [AdsBot] HTTP Request: POST https://api.telegram.org/bot8720525169:AAHy-8lXS2JL0Kue0XCaMhpsiUm8bGcaPB8/getUpdates "HTTP/1.1 200 OK"
2026-03-19 09:35:42,277 [AdsBot] HTTP Request: POST https://api.telegram.org/bot8720525169:AAHy-8lXS2JL0Kue0XCaMhpsiUm8bGcaPB8/getUpdates "HTTP/1.1 200 OK"
2026-03-19 09:35:52,447 [AdsBot] HTTP Request: POST https://api.telegram.org/bot8720525169:AAHy-8lXS2JL0Kue0XCaMhpsiUm8bGcaPB8/getUpdates "HTTP/1.1 200 OK"
2026-03-19 09:36:02,574 [AdsBot] HTTP Request: POST https://api.telegram.org/bot8720525169:AAHy-8lXS2JL0Kue0XCaMhpsiUm8bGcaPB8/getUpdates "HTTP/1.1 200 OK"
2026-03-19 09:36:12,709 [AdsBot] HTTP Request: POST https://api.telegram.org/bot8720525169:AAHy-8lXS2JL0Kue0XCaMhpsiUm8bGcaPB8/getUpdates "HTTP/1.1 200 OK"
2026-03-19 09:36:22,943 [AdsBot] HTTP Request: POST https://api.telegram.org/bot8720525169:AAHy-8lXS2JL0Kue0XCaMhpsiUm8bGcaPB8/getUpdates "HTTP/1.1 200 OK"
2026-03-19 09:36:33,059 [AdsBot] HTTP Request: POST https://api.telegram.org/bot8720525169:AAHy-8lXS2JL0Kue0XCaMhpsiUm8bGcaPB8/getUpdates "HTTP/1.1 200 OK"
2026-03-19 09:36:43,243 [AdsBot] HTTP Request: POST https://api.telegram.org/bot8720525169:AAHy-8lXS2JL0Kue0XCaMhpsiUm8bGcaPB8/getUpdates "HTTP/1.1 200 OK"
2026-03-19 09:36:53,368 [AdsBot] HTTP Request: POST https://api.telegram.org/bot8720525169:AAHy-8lXS2JL0Kue0XCaMhpsiUm8bGcaPB8/getUpdates "HTTP/1.1 200 OK"
2026-03-19 09:37:03,502 [AdsBot] HTTP Request: POST https://api.telegram.org/bot8720525169:AAHy-8lXS2JL0Kue0XCaMhpsiUm8bGcaPB8/getUpdates "HTTP/1.1 200 OK"
2026-03-19 09:37:13,739 [AdsBot] HTTP Request: POST https://api.telegram.org/bot8720525169:AAHy-8lXS2JL0Kue0XCaMhpsiUm8bGcaPB8/getUpdates "HTTP/1.1 200 OK"
2026-03-19 09:37:23,900 [AdsBot] HTTP Request: POST https://api.telegram.org/bot8720525169:AAHy-8lXS2JL0Kue0XCaMhpsiUm8bGcaPB8/getUpdates "HTTP/1.1 200 OK"
2026-03-19 09:37:34,011 [AdsBot] HTTP Request: POST https://api.telegram.org/bot8720525169:AAHy-8lXS2JL0Kue0XCaMhpsiUm8bGcaPB8/getUpdates "HTTP/1.1 200 OK"
2026-03-19 09:37:44,169 [AdsBot] HTTP Request: POST https://api.telegram.org/bot8720525169:AAHy-8lXS2JL0Kue0XCaMhpsiUm8bGcaPB8/getUpdates "HTTP/1.1 200 OK"
2026-03-19 09:37:54,324 [AdsBot] HTTP Request: POST https://api.telegram.org/bot8720525169:AAHy-8lXS2JL0Kue0XCaMhpsiUm8bGcaPB8/getUpdates "HTTP/1.1 200 OK"
2026-03-19 09:38:04,458 [AdsBot] HTTP Request: POST https://api.telegram.org/bot8720525169:AAHy-8lXS2JL0Kue0XCaMhpsiUm8bGcaPB8/getUpdates "HTTP/1.1 200 OK"
2026-03-19 09:38:14,570 [AdsBot] HTTP Request: POST https://api.telegram.org/bot8720525169:AAHy-8lXS2JL0Kue0XCaMhpsiUm8bGcaPB8/getUpdates "HTTP/1.1 200 OK"
2026-03-19 09:38:24,697 [AdsBot] HTTP Request: POST https://api.telegram.org/bot8720525169:AAHy-8lXS2JL0Kue0XCaMhpsiUm8bGcaPB8/getUpdates "HTTP/1.1 200 OK"
2026-03-19 09:38:34,826 [AdsBot] HTTP Request: POST https://api.telegram.org/bot8720525169:AAHy-8lXS2JL0Kue0XCaMhpsiUm8bGcaPB8/getUpdates "HTTP/1.1 200 OK"
2026-03-19 09:38:44,980 [AdsBot] HTTP Request: POST https://api.telegram.org/bot8720525169:AAHy-8lXS2JL0Kue0XCaMhpsiUm8bGcaPB8/getUpdates "HTTP/1.1 200 OK"
2026-03-19 09:38:55,116 [AdsBot] HTTP Request: POST https://api.telegram.org/bot8720525169:AAHy-8lXS2JL0Kue0XCaMhpsiUm8bGcaPB8/getUpdates "HTTP/1.1 200 OK"
2026-03-19 09:39:05,251 [AdsBot] HTTP Request: POST https://api.telegram.org/bot8720525169:AAHy-8lXS2JL0Kue0XCaMhpsiUm8bGcaPB8/getUpdates "HTTP/1.1 200 OK"
2026-03-19 09:39:15,395 [AdsBot] HTTP Request: POST https://api.telegram.org/bot8720525169:AAHy-8lXS2JL0Kue0XCaMhpsiUm8bGcaPB8/getUpdates "HTTP/1.1 200 OK"
2026-03-19 09:39:25,517 [AdsBot] HTTP Request: POST https://api.telegram.org/bot8720525169:AAHy-8lXS2JL0Kue0XCaMhpsiUm8bGcaPB8/getUpdates "HTTP/1.1 200 OK"
2026-03-19 09:39:35,661 [AdsBot] HTTP Request: POST https://api.telegram.org/bot8720525169:AAHy-8lXS2JL0Kue0XCaMhpsiUm8bGcaPB8/getUpdates "HTTP/1.1 200 OK"
2026-03-19 09:39:45,803 [AdsBot] HTTP Request: POST https://api.telegram.org/bot8720525169:AAHy-8lXS2JL0Kue0XCaMhpsiUm8bGcaPB8/getUpdates "HTTP/1.1 200 OK"
2026-03-19 09:39:55,955 [AdsBot] HTTP Request: POST https://api.telegram.org/bot8720525169:AAHy-8lXS2JL0Kue0XCaMhpsiUm8bGcaPB8/getUpdates "HTTP/1.1 200 OK"
2026-03-19 09:40:06,077 [AdsBot] HTTP Request: POST https://api.telegram.org/bot8720525169:AAHy-8lXS2JL0Kue0XCaMhpsiUm8bGcaPB8/getUpdates "HTTP/1.1 200 OK"
2026-03-19 09:40:16,189 [AdsBot] HTTP Request: POST https://api.telegram.org/bot8720525169:AAHy-8lXS2JL0Kue0XCaMhpsiUm8bGcaPB8/getUpdates "HTTP/1.1 200 OK"
2026-03-19 09:40:26,306 [AdsBot] HTTP Request: POST https://api.telegram.org/bot8720525169:AAHy-8lXS2JL0Kue0XCaMhpsiUm8bGcaPB8/getUpdates "HTTP/1.1 200 OK"
2026-03-19 09:40:36,423 [AdsBot] HTTP Request: POST https://api.telegram.org/bot8720525169:AAHy-8lXS2JL0Kue0XCaMhpsiUm8bGcaPB8/getUpdates "HTTP/1.1 200 OK"
2026-03-19 09:40:46,547 [AdsBot] HTTP Request: POST https://api.telegram.org/bot8720525169:AAHy-8lXS2JL0Kue0XCaMhpsiUm8bGcaPB8/getUpdates "HTTP/1.1 200 OK"
2026-03-19 09:40:56,758 [AdsBot] HTTP Request: POST https://api.telegram.org/bot8720525169:AAHy-8lXS2JL0Kue0XCaMhpsiUm8bGcaPB8/getUpdates "HTTP/1.1 200 OK"
2026-03-19 09:41:07,007 [AdsBot] HTTP Request: POST https://api.telegram.org/bot8720525169:AAHy-8lXS2JL0Kue0XCaMhpsiUm8bGcaPB8/getUpdates "HTTP/1.1 200 OK"
2026-03-19 09:41:17,125 [AdsBot] HTTP Request: POST https://api.telegram.org/bot8720525169:AAHy-8lXS2JL0Kue0XCaMhpsiUm8bGcaPB8/getUpdates "HTTP/1.1 200 OK"
2026-03-19 09:41:27,247 [AdsBot] HTTP Request: POST https://api.telegram.org/bot8720525169:AAHy-8lXS2JL0Kue0XCaMhpsiUm8bGcaPB8/getUpdates "HTTP/1.1 200 OK"
2026-03-19 09:41:37,410 [AdsBot] HTTP Request: POST https://api.telegram.org/bot8720525169:AAHy-8lXS2JL0Kue0XCaMhpsiUm8bGcaPB8/getUpdates "HTTP/1.1 200 OK"
2026-03-19 09:41:47,518 [AdsBot] HTTP Request: POST https://api.telegram.org/bot8720525169:AAHy-8lXS2JL0Kue0XCaMhpsiUm8bGcaPB8/getUpdates "HTTP/1.1 200 OK"
2026-03-19 09:41:57,693 [AdsBot] HTTP Request: POST https://api.telegram.org/bot8720525169:AAHy-8lXS2JL0Kue0XCaMhpsiUm8bGcaPB8/getUpdates "HTTP/1.1 200 OK"
2026-03-19 09:42:07,814 [AdsBot] HTTP Request: POST https://api.telegram.org/bot8720525169:AAHy-8lXS2JL0Kue0XCaMhpsiUm8bGcaPB8/getUpdates "HTTP/1.1 200 OK"
2026-03-19 09:42:17,963 [AdsBot] HTTP Request: POST https://api.telegram.org/bot8720525169:AAHy-8lXS2JL0Kue0XCaMhpsiUm8bGcaPB8/getUpdates "HTTP/1.1 200 OK"
2026-03-19 09:42:28,068 [AdsBot] HTTP Request: POST https://api.telegram.org/bot8720525169:AAHy-8lXS2JL0Kue0XCaMhpsiUm8bGcaPB8/getUpdates "HTTP/1.1 200 OK"
2026-03-19 09:42:38,188 [AdsBot] HTTP Request: POST https://api.telegram.org/bot8720525169:AAHy-8lXS2JL0Kue0XCaMhpsiUm8bGcaPB8/getUpdates "HTTP/1.1 200 OK"
2026-03-19 09:42:45,952 [AdsBot] HTTP Request: POST https://api.telegram.org/bot8720525169:AAHy-8lXS2JL0Kue0XCaMhpsiUm8bGcaPB8/getUpdates "HTTP/1.1 200 OK"
2026-03-19 09:42:56,076 [AdsBot] HTTP Request: POST https://api.telegram.org/bot8720525169:AAHy-8lXS2JL0Kue0XCaMhpsiUm8bGcaPB8/getUpdates "HTTP/1.1 200 OK"
2026-03-19 09:43:06,192 [AdsBot] HTTP Request: POST https://api.telegram.org/bot8720525169:AAHy-8lXS2JL0Kue0XCaMhpsiUm8bGcaPB8/getUpdates "HTTP/1.1 200 OK"
2026-03-19 09:43:16,332 [AdsBot] HTTP Request: POST https://api.telegram.org/bot8720525169:AAHy-8lXS2JL0Kue0XCaMhpsiUm8bGcaPB8/getUpdates "HTTP/1.1 200 OK"
2026-03-19 09:43:26,473 [AdsBot] HTTP Request: POST https://api.telegram.org/bot8720525169:AAHy-8lXS2JL0Kue0XCaMhpsiUm8bGcaPB8/getUpdates "HTTP/1.1 200 OK"
2026-03-19 09:43:36,589 [AdsBot] HTTP Request: POST https://api.telegram.org/bot8720525169:AAHy-8lXS2JL0Kue0XCaMhpsiUm8bGcaPB8/getUpdates "HTTP/1.1 200 OK"
2026-03-19 09:43:46,709 [AdsBot] HTTP Request: POST https://api.telegram.org/bot8720525169:AAHy-8lXS2JL0Kue0XCaMhpsiUm8bGcaPB8/getUpdates "HTTP/1.1 200 OK"
2026-03-19 09:43:56,883 [AdsBot] HTTP Request: POST https://api.telegram.org/bot8720525169:AAHy-8lXS2JL0Kue0XCaMhpsiUm8bGcaPB8/getUpdates "HTTP/1.1 200 OK"
2026-03-19 09:44:07,121 [AdsBot] HTTP Request: POST https://api.telegram.org/bot8720525169:AAHy-8lXS2JL0Kue0XCaMhpsiUm8bGcaPB8/getUpdates "HTTP/1.1 200 OK"
2026-03-19 09:44:17,232 [AdsBot] HTTP Request: POST https://api.telegram.org/bot8720525169:AAHy-8lXS2JL0Kue0XCaMhpsiUm8bGcaPB8/getUpdates "HTTP/1.1 200 OK"
2026-03-19 09:44:27,376 [AdsBot] HTTP Request: POST https://api.telegram.org/bot8720525169:AAHy-8lXS2JL0Kue0XCaMhpsiUm8bGcaPB8/getUpdates "HTTP/1.1 200 OK"
2026-03-19 09:44:37,523 [AdsBot] HTTP Request: POST https://api.telegram.org/bot8720525169:AAHy-8lXS2JL0Kue0XCaMhpsiUm8bGcaPB8/getUpdates "HTTP/1.1 200 OK"
2026-03-19 09:44:47,748 [AdsBot] HTTP Request: POST https://api.telegram.org/bot8720525169:AAHy-8lXS2JL0Kue0XCaMhpsiUm8bGcaPB8/getUpdates "HTTP/1.1 200 OK"
2026-03-19 09:44:57,907 [AdsBot] HTTP Request: POST https://api.telegram.org/bot8720525169:AAHy-8lXS2JL0Kue0XCaMhpsiUm8bGcaPB8/getUpdates "HTTP/1.1 200 OK"
2026-03-19 09:45:08,022 [AdsBot] HTTP Request: POST https://api.telegram.org/bot8720525169:AAHy-8lXS2JL0Kue0XCaMhpsiUm8bGcaPB8/getUpdates "HTTP/1.1 200 OK"
2026-03-19 09:45:18,137 [AdsBot] HTTP Request: POST https://api.telegram.org/bot8720525169:AAHy-8lXS2JL0Kue0XCaMhpsiUm8bGcaPB8/getUpdates "HTTP/1.1 200 OK"
2026-03-19 09:45:28,331 [AdsBot] HTTP Request: POST https://api.telegram.org/bot8720525169:AAHy-8lXS2JL0Kue0XCaMhpsiUm8bGcaPB8/getUpdates "HTTP/1.1 200 OK"
2026-03-19 09:45:38,491 [AdsBot] HTTP Request: POST https://api.telegram.org/bot8720525169:AAHy-8lXS2JL0Kue0XCaMhpsiUm8bGcaPB8/getUpdates "HTTP/1.1 200 OK"
2026-03-19 09:45:48,608 [AdsBot] HTTP Request: POST https://api.telegram.org/bot8720525169:AAHy-8lXS2JL0Kue0XCaMhpsiUm8bGcaPB8/getUpdates "HTTP/1.1 200 OK"
2026-03-19 09:45:58,743 [AdsBot] HTTP Request: POST https://api.telegram.org/bot8720525169:AAHy-8lXS2JL0Kue0XCaMhpsiUm8bGcaPB8/getUpdates "HTTP/1.1 200 OK"
2026-03-19 09:46:08,886 [AdsBot] HTTP Request: POST https://api.telegram.org/bot8720525169:AAHy-8lXS2JL0Kue0XCaMhpsiUm8bGcaPB8/getUpdates "HTTP/1.1 200 OK"
2026-03-19 09:46:18,999 [AdsBot] HTTP Request: POST https://api.telegram.org/bot8720525169:AAHy-8lXS2JL0Kue0XCaMhpsiUm8bGcaPB8/getUpdates "HTTP/1.1 200 OK"
2026-03-19 09:46:29,144 [AdsBot] HTTP Request: POST https://api.telegram.org/bot8720525169:AAHy-8lXS2JL0Kue0XCaMhpsiUm8bGcaPB8/getUpdates "HTTP/1.1 200 OK"
2026-03-19 09:46:39,287 [AdsBot] HTTP Request: POST https://api.telegram.org/bot8720525169:AAHy-8lXS2JL0Kue0XCaMhpsiUm8bGcaPB8/getUpdates "HTTP/1.1 200 OK"
2026-03-19 09:46:49,443 [AdsBot] HTTP Request: POST https://api.telegram.org/bot8720525169:AAHy-8lXS2JL0Kue0XCaMhpsiUm8bGcaPB8/getUpdates "HTTP/1.1 200 OK"
2026-03-19 09:46:59,603 [AdsBot] HTTP Request: POST https://api.telegram.org/bot8720525169:AAHy-8lXS2JL0Kue0XCaMhpsiUm8bGcaPB8/getUpdates "HTTP/1.1 200 OK"
2026-03-19 09:47:09,722 [AdsBot] HTTP Request: POST https://api.telegram.org/bot8720525169:AAHy-8lXS2JL0Kue0XCaMhpsiUm8bGcaPB8/getUpdates "HTTP/1.1 200 OK"
2026-03-19 09:47:12,176 [AdsBot] HTTP Request: POST https://api.telegram.org/bot8720525169:AAHy-8lXS2JL0Kue0XCaMhpsiUm8bGcaPB8/getUpdates "HTTP/1.1 200 OK"
2026-03-19 09:47:12,591 [AdsBot] HTTP Request: POST https://api.telegram.org/bot8720525169:AAHy-8lXS2JL0Kue0XCaMhpsiUm8bGcaPB8/sendMessage "HTTP/1.1 200 OK"
2026-03-19 09:47:22,316 [AdsBot] HTTP Request: POST https://api.telegram.org/bot8720525169:AAHy-8lXS2JL0Kue0XCaMhpsiUm8bGcaPB8/getUpdates "HTTP/1.1 200 OK"
2026-03-19 09:47:32,433 [AdsBot] HTTP Request: POST https://api.telegram.org/bot8720525169:AAHy-8lXS2JL0Kue0XCaMhpsiUm8bGcaPB8/getUpdates "HTTP/1.1 200 OK"
2026-03-19 09:47:36,753 [AdsBot] HTTP Request: POST https://api.telegram.org/bot8720525169:AAHy-8lXS2JL0Kue0XCaMhpsiUm8bGcaPB8/getUpdates "HTTP/1.1 200 OK"
2026-03-19 09:47:46,895 [AdsBot] HTTP Request: POST https://api.telegram.org/bot8720525169:AAHy-8lXS2JL0Kue0XCaMhpsiUm8bGcaPB8/getUpdates "HTTP/1.1 200 OK"
2026-03-19 09:47:57,031 [AdsBot] HTTP Request: POST https://api.telegram.org/bot8720525169:AAHy-8lXS2JL0Kue0XCaMhpsiUm8bGcaPB8/getUpdates "HTTP/1.1 200 OK"
2026-03-19 09:48:07,263 [AdsBot] HTTP Request: POST https://api.telegram.org/bot8720525169:AAHy-8lXS2JL0Kue0XCaMhpsiUm8bGcaPB8/getUpdates "HTTP/1.1 200 OK"
2026-03-19 09:48:17,389 [AdsBot] HTTP Request: POST https://api.telegram.org/bot8720525169:AAHy-8lXS2JL0Kue0XCaMhpsiUm8bGcaPB8/getUpdates "HTTP/1.1 200 OK"
2026-03-19 09:48:27,642 [AdsBot] HTTP Request: POST https://api.telegram.org/bot8720525169:AAHy-8lXS2JL0Kue0XCaMhpsiUm8bGcaPB8/getUpdates "HTTP/1.1 200 OK"
2026-03-19 09:48:37,779 [AdsBot] HTTP Request: POST https://api.telegram.org/bot8720525169:AAHy-8lXS2JL0Kue0XCaMhpsiUm8bGcaPB8/getUpdates "HTTP/1.1 200 OK"
2026-03-19 09:48:47,919 [AdsBot] HTTP Request: POST https://api.telegram.org/bot8720525169:AAHy-8lXS2JL0Kue0XCaMhpsiUm8bGcaPB8/getUpdates "HTTP/1.1 200 OK"
2026-03-19 09:48:58,146 [AdsBot] HTTP Request: POST https://api.telegram.org/bot8720525169:AAHy-8lXS2JL0Kue0XCaMhpsiUm8bGcaPB8/getUpdates "HTTP/1.1 200 OK"
2026-03-19 09:49:08,295 [AdsBot] HTTP Request: POST https://api.telegram.org/bot8720525169:AAHy-8lXS2JL0Kue0XCaMhpsiUm8bGcaPB8/getUpdates "HTTP/1.1 200 OK"
2026-03-19 09:49:18,521 [AdsBot] HTTP Request: POST https://api.telegram.org/bot8720525169:AAHy-8lXS2JL0Kue0XCaMhpsiUm8bGcaPB8/getUpdates "HTTP/1.1 200 OK"
2026-03-19 09:49:28,767 [AdsBot] HTTP Request: POST https://api.telegram.org/bot8720525169:AAHy-8lXS2JL0Kue0XCaMhpsiUm8bGcaPB8/getUpdates "HTTP/1.1 200 OK"
2026-03-19 09:49:38,900 [AdsBot] HTTP Request: POST https://api.telegram.org/bot8720525169:AAHy-8lXS2JL0Kue0XCaMhpsiUm8bGcaPB8/getUpdates "HTTP/1.1 200 OK"
2026-03-19 09:49:49,017 [AdsBot] HTTP Request: POST https://api.telegram.org/bot8720525169:AAHy-8lXS2JL0Kue0XCaMhpsiUm8bGcaPB8/getUpdates "HTTP/1.1 200 OK"
2026-03-19 09:49:59,145 [AdsBot] HTTP Request: POST https://api.telegram.org/bot8720525169:AAHy-8lXS2JL0Kue0XCaMhpsiUm8bGcaPB8/getUpdates "HTTP/1.1 200 OK"
2026-03-19 09:50:09,287 [AdsBot] HTTP Request: POST https://api.telegram.org/bot8720525169:AAHy-8lXS2JL0Kue0XCaMhpsiUm8bGcaPB8/getUpdates "HTTP/1.1 200 OK"
2026-03-19 09:50:19,663 [AdsBot] HTTP Request: POST https://api.telegram.org/bot8720525169:AAHy-8lXS2JL0Kue0XCaMhpsiUm8bGcaPB8/getUpdates "HTTP/1.1 200 OK"
2026-03-19 09:50:29,787 [AdsBot] HTTP Request: POST https://api.telegram.org/bot8720525169:AAHy-8lXS2JL0Kue0XCaMhpsiUm8bGcaPB8/getUpdates "HTTP/1.1 200 OK"
2026-03-19 09:50:39,907 [AdsBot] HTTP Request: POST https://api.telegram.org/bot8720525169:AAHy-8lXS2JL0Kue0XCaMhpsiUm8bGcaPB8/getUpdates "HTTP/1.1 200 OK"
2026-03-19 09:50:50,040 [AdsBot] HTTP Request: POST https://api.telegram.org/bot8720525169:AAHy-8lXS2JL0Kue0XCaMhpsiUm8bGcaPB8/getUpdates "HTTP/1.1 200 OK"
2026-03-19 09:51:00,175 [AdsBot] HTTP Request: POST https://api.telegram.org/bot8720525169:AAHy-8lXS2JL0Kue0XCaMhpsiUm8bGcaPB8/getUpdates "HTTP/1.1 200 OK"
2026-03-19 09:51:10,327 [AdsBot] HTTP Request: POST https://api.telegram.org/bot8720525169:AAHy-8lXS2JL0Kue0XCaMhpsiUm8bGcaPB8/getUpdates "HTTP/1.1 200 OK"
2026-03-19 09:51:17,086 [AdsBot] HTTP Request: POST https://api.telegram.org/bot8720525169:AAHy-8lXS2JL0Kue0XCaMhpsiUm8bGcaPB8/getMe "HTTP/1.1 200 OK"
2026-03-19 09:51:17,087 [AdsBot] Application started
2026-03-19 09:51:17,198 [AdsBot] HTTP Request: POST https://api.telegram.org/bot8720525169:AAHy-8lXS2JL0Kue0XCaMhpsiUm8bGcaPB8/deleteWebhook "HTTP/1.1 200 OK"
2026-03-19 09:51:17,199 [AdsBot] ✅ @Myadsformebot онлайн
2026-03-19 09:51:27,548 [AdsBot] HTTP Request: POST https://api.telegram.org/bot8720525169:AAHy-8lXS2JL0Kue0XCaMhpsiUm8bGcaPB8/getUpdates "HTTP/1.1 200 OK"
2026-03-19 09:51:37,668 [AdsBot] HTTP Request: POST https://api.telegram.org/bot8720525169:AAHy-8lXS2JL0Kue0XCaMhpsiUm8bGcaPB8/getUpdates "HTTP/1.1 200 OK"
2026-03-19 09:51:47,791 [AdsBot] HTTP Request: POST https://api.telegram.org/bot8720525169:AAHy-8lXS2JL0Kue0XCaMhpsiUm8bGcaPB8/getUpdates "HTTP/1.1 200 OK"
2026-03-19 09:51:57,900 [AdsBot] HTTP Request: POST https://api.telegram.org/bot8720525169:AAHy-8lXS2JL0Kue0XCaMhpsiUm8bGcaPB8/getUpdates "HTTP/1.1 200 OK"
2026-03-19 09:52:08,094 [AdsBot] HTTP Request: POST https://api.telegram.org/bot8720525169:AAHy-8lXS2JL0Kue0XCaMhpsiUm8bGcaPB8/getUpdates "HTTP/1.1 200 OK"
2026-03-19 09:52:18,430 [AdsBot] HTTP Request: POST https://api.telegram.org/bot8720525169:AAHy-8lXS2JL0Kue0XCaMhpsiUm8bGcaPB8/getUpdates "HTTP/1.1 200 OK"
2026-03-19 09:52:28,546 [AdsBot] HTTP Request: POST https://api.telegram.org/bot8720525169:AAHy-8lXS2JL0Kue0XCaMhpsiUm8bGcaPB8/getUpdates "HTTP/1.1 200 OK"
2026-03-19 09:52:38,728 [AdsBot] HTTP Request: POST https://api.telegram.org/bot8720525169:AAHy-8lXS2JL0Kue0XCaMhpsiUm8bGcaPB8/getUpdates "HTTP/1.1 200 OK"
2026-03-19 09:52:48,862 [AdsBot] HTTP Request: POST https://api.telegram.org/bot8720525169:AAHy-8lXS2JL0Kue0XCaMhpsiUm8bGcaPB8/getUpdates "HTTP/1.1 200 OK"
2026-03-19 09:52:58,982 [AdsBot] HTTP Request: POST https://api.telegram.org/bot8720525169:AAHy-8lXS2JL0Kue0XCaMhpsiUm8bGcaPB8/getUpdates "HTTP/1.1 200 OK"
2026-03-19 09:53:09,096 [AdsBot] HTTP Request: POST https://api.telegram.org/bot8720525169:AAHy-8lXS2JL0Kue0XCaMhpsiUm8bGcaPB8/getUpdates "HTTP/1.1 200 OK"
2026-03-19 09:53:19,279 [AdsBot] HTTP Request: POST https://api.telegram.org/bot8720525169:AAHy-8lXS2JL0Kue0XCaMhpsiUm8bGcaPB8/getUpdates "HTTP/1.1 200 OK"
2026-03-19 09:53:29,513 [AdsBot] HTTP Request: POST https://api.telegram.org/bot8720525169:AAHy-8lXS2JL0Kue0XCaMhpsiUm8bGcaPB8/getUpdates "HTTP/1.1 200 OK"
2026-03-19 09:53:39,626 [AdsBot] HTTP Request: POST https://api.telegram.org/bot8720525169:AAHy-8lXS2JL0Kue0XCaMhpsiUm8bGcaPB8/getUpdates "HTTP/1.1 200 OK"
2026-03-19 09:53:49,766 [AdsBot] HTTP Request: POST https://api.telegram.org/bot8720525169:AAHy-8lXS2JL0Kue0XCaMhpsiUm8bGcaPB8/getUpdates "HTTP/1.1 200 OK"
2026-03-19 09:53:59,883 [AdsBot] HTTP Request: POST https://api.telegram.org/bot8720525169:AAHy-8lXS2JL0Kue0XCaMhpsiUm8bGcaPB8/getUpdates "HTTP/1.1 200 OK"
2026-03-19 09:54:09,992 [AdsBot] HTTP Request: POST https://api.telegram.org/bot8720525169:AAHy-8lXS2JL0Kue0XCaMhpsiUm8bGcaPB8/getUpdates "HTTP/1.1 200 OK"
2026-03-19 09:54:20,117 [AdsBot] HTTP Request: POST https://api.telegram.org/bot8720525169:AAHy-8lXS2JL0Kue0XCaMhpsiUm8bGcaPB8/getUpdates "HTTP/1.1 200 OK"
2026-03-19 09:54:30,247 [AdsBot] HTTP Request: POST https://api.telegram.org/bot8720525169:AAHy-8lXS2JL0Kue0XCaMhpsiUm8bGcaPB8/getUpdates "HTTP/1.1 200 OK"
2026-03-19 09:54:40,459 [AdsBot] HTTP Request: POST https://api.telegram.org/bot8720525169:AAHy-8lXS2JL0Kue0XCaMhpsiUm8bGcaPB8/getUpdates "HTTP/1.1 200 OK"
2026-03-19 09:54:50,579 [AdsBot] HTTP Request: POST https://api.telegram.org/bot8720525169:AAHy-8lXS2JL0Kue0XCaMhpsiUm8bGcaPB8/getUpdates "HTTP/1.1 200 OK"
2026-03-19 09:55:00,737 [AdsBot] HTTP Request: POST https://api.telegram.org/bot8720525169:AAHy-8lXS2JL0Kue0XCaMhpsiUm8bGcaPB8/getUpdates "HTTP/1.1 200 OK"
2026-03-19 09:55:10,877 [AdsBot] HTTP Request: POST https://api.telegram.org/bot8720525169:AAHy-8lXS2JL0Kue0XCaMhpsiUm8bGcaPB8/getUpdates "HTTP/1.1 200 OK"
2026-03-19 09:55:21,061 [AdsBot] HTTP Request: POST https://api.telegram.org/bot8720525169:AAHy-8lXS2JL0Kue0XCaMhpsiUm8bGcaPB8/getUpdates "HTTP/1.1 200 OK"
2026-03-19 09:55:31,273 [AdsBot] HTTP Request: POST https://api.telegram.org/bot8720525169:AAHy-8lXS2JL0Kue0XCaMhpsiUm8bGcaPB8/getUpdates "HTTP/1.1 200 OK"
2026-03-19 09:55:41,400 [AdsBot] HTTP Request: POST https://api.telegram.org/bot8720525169:AAHy-8lXS2JL0Kue0XCaMhpsiUm8bGcaPB8/getUpdates "HTTP/1.1 200 OK"
2026-03-19 09:55:51,522 [AdsBot] HTTP Request: POST https://api.telegram.org/bot8720525169:AAHy-8lXS2JL0Kue0XCaMhpsiUm8bGcaPB8/getUpdates "HTTP/1.1 200 OK"
2026-03-19 09:56:01,637 [AdsBot] HTTP Request: POST https://api.telegram.org/bot8720525169:AAHy-8lXS2JL0Kue0XCaMhpsiUm8bGcaPB8/getUpdates "HTTP/1.1 200 OK"
2026-03-19 09:56:11,744 [AdsBot] HTTP Request: POST https://api.telegram.org/bot8720525169:AAHy-8lXS2JL0Kue0XCaMhpsiUm8bGcaPB8/getUpdates "HTTP/1.1 200 OK"
2026-03-19 09:56:21,853 [AdsBot] HTTP Request: POST https://api.telegram.org/bot8720525169:AAHy-8lXS2JL0Kue0XCaMhpsiUm8bGcaPB8/getUpdates "HTTP/1.1 200 OK"
2026-03-19 09:56:31,972 [AdsBot] HTTP Request: POST https://api.telegram.org/bot8720525169:AAHy-8lXS2JL0Kue0XCaMhpsiUm8bGcaPB8/getUpdates "HTTP/1.1 200 OK"
2026-03-19 09:56:42,111 [AdsBot] HTTP Request: POST https://api.telegram.org/bot8720525169:AAHy-8lXS2JL0Kue0XCaMhpsiUm8bGcaPB8/getUpdates "HTTP/1.1 200 OK"
2026-03-19 09:56:52,228 [AdsBot] HTTP Request: POST https://api.telegram.org/bot8720525169:AAHy-8lXS2JL0Kue0XCaMhpsiUm8bGcaPB8/getUpdates "HTTP/1.1 200 OK"
2026-03-19 09:57:02,339 [AdsBot] HTTP Request: POST https://api.telegram.org/bot8720525169:AAHy-8lXS2JL0Kue0XCaMhpsiUm8bGcaPB8/getUpdates "HTTP/1.1 200 OK"
2026-03-19 09:57:12,576 [AdsBot] HTTP Request: POST https://api.telegram.org/bot8720525169:AAHy-8lXS2JL0Kue0XCaMhpsiUm8bGcaPB8/getUpdates "HTTP/1.1 200 OK"
2026-03-19 09:57:22,765 [AdsBot] HTTP Request: POST https://api.telegram.org/bot8720525169:AAHy-8lXS2JL0Kue0XCaMhpsiUm8bGcaPB8/getUpdates "HTTP/1.1 200 OK"
2026-03-19 09:57:32,879 [AdsBot] HTTP Request: POST https://api.telegram.org/bot8720525169:AAHy-8lXS2JL0Kue0XCaMhpsiUm8bGcaPB8/getUpdates "HTTP/1.1 200 OK"
2026-03-19 09:57:42,985 [AdsBot] HTTP Request: POST https://api.telegram.org/bot8720525169:AAHy-8lXS2JL0Kue0XCaMhpsiUm8bGcaPB8/getUpdates "HTTP/1.1 200 OK"
2026-03-19 09:57:53,178 [AdsBot] HTTP Request: POST https://api.telegram.org/bot8720525169:AAHy-8lXS2JL0Kue0XCaMhpsiUm8bGcaPB8/getUpdates "HTTP/1.1 200 OK"
2026-03-19 09:58:03,310 [AdsBot] HTTP Request: POST https://api.telegram.org/bot8720525169:AAHy-8lXS2JL0Kue0XCaMhpsiUm8bGcaPB8/getUpdates "HTTP/1.1 200 OK"
2026-03-19 09:58:13,431 [AdsBot] HTTP Request: POST https://api.telegram.org/bot8720525169:AAHy-8lXS2JL0Kue0XCaMhpsiUm8bGcaPB8/getUpdates "HTTP/1.1 200 OK"
2026-03-19 09:58:23,539 [AdsBot] HTTP Request: POST https://api.telegram.org/bot8720525169:AAHy-8lXS2JL0Kue0XCaMhpsiUm8bGcaPB8/getUpdates "HTTP/1.1 200 OK"
2026-03-19 09:58:33,647 [AdsBot] HTTP Request: POST https://api.telegram.org/bot8720525169:AAHy-8lXS2JL0Kue0XCaMhpsiUm8bGcaPB8/getUpdates "HTTP/1.1 200 OK"
2026-03-19 09:58:43,863 [AdsBot] HTTP Request: POST https://api.telegram.org/bot8720525169:AAHy-8lXS2JL0Kue0XCaMhpsiUm8bGcaPB8/getUpdates "HTTP/1.1 200 OK"
2026-03-19 09:58:53,984 [AdsBot] HTTP Request: POST https://api.telegram.org/bot8720525169:AAHy-8lXS2JL0Kue0XCaMhpsiUm8bGcaPB8/getUpdates "HTTP/1.1 200 OK"
2026-03-19 09:59:04,140 [AdsBot] HTTP Request: POST https://api.telegram.org/bot8720525169:AAHy-8lXS2JL0Kue0XCaMhpsiUm8bGcaPB8/getUpdates "HTTP/1.1 200 OK"
2026-03-19 09:59:14,263 [AdsBot] HTTP Request: POST https://api.telegram.org/bot8720525169:AAHy-8lXS2JL0Kue0XCaMhpsiUm8bGcaPB8/getUpdates "HTTP/1.1 200 OK"
2026-03-19 09:59:24,412 [AdsBot] HTTP Request: POST https://api.telegram.org/bot8720525169:AAHy-8lXS2JL0Kue0XCaMhpsiUm8bGcaPB8/getUpdates "HTTP/1.1 200 OK"
2026-03-19 09:59:34,550 [AdsBot] HTTP Request: POST https://api.telegram.org/bot8720525169:AAHy-8lXS2JL0Kue0XCaMhpsiUm8bGcaPB8/getUpdates "HTTP/1.1 200 OK"
2026-03-19 09:59:44,686 [AdsBot] HTTP Request: POST https://api.telegram.org/bot8720525169:AAHy-8lXS2JL0Kue0XCaMhpsiUm8bGcaPB8/getUpdates "HTTP/1.1 200 OK"
2026-03-19 09:59:54,833 [AdsBot] HTTP Request: POST https://api.telegram.org/bot8720525169:AAHy-8lXS2JL0Kue0XCaMhpsiUm8bGcaPB8/getUpdates "HTTP/1.1 200 OK"
2026-03-19 10:00:04,945 [AdsBot] HTTP Request: POST https://api.telegram.org/bot8720525169:AAHy-8lXS2JL0Kue0XCaMhpsiUm8bGcaPB8/getUpdates "HTTP/1.1 200 OK"
2026-03-19 10:00:15,059 [AdsBot] HTTP Request: POST https://api.telegram.org/bot8720525169:AAHy-8lXS2JL0Kue0XCaMhpsiUm8bGcaPB8/getUpdates "HTTP/1.1 200 OK"
2026-03-19 10:00:25,254 [AdsBot] HTTP Request: POST https://api.telegram.org/bot8720525169:AAHy-8lXS2JL0Kue0XCaMhpsiUm8bGcaPB8/getUpdates "HTTP/1.1 200 OK"
2026-03-19 10:00:35,367 [AdsBot] HTTP Request: POST https://api.telegram.org/bot8720525169:AAHy-8lXS2JL0Kue0XCaMhpsiUm8bGcaPB8/getUpdates "HTTP/1.1 200 OK"
2026-03-19 10:00:46,108 [AdsBot] HTTP Request: POST https://api.telegram.org/bot8720525169:AAHy-8lXS2JL0Kue0XCaMhpsiUm8bGcaPB8/getUpdates "HTTP/1.1 200 OK"
2026-03-19 10:00:56,265 [AdsBot] HTTP Request: POST https://api.telegram.org/bot8720525169:AAHy-8lXS2JL0Kue0XCaMhpsiUm8bGcaPB8/getUpdates "HTTP/1.1 200 OK"
2026-03-19 10:01:06,401 [AdsBot] HTTP Request: POST https://api.telegram.org/bot8720525169:AAHy-8lXS2JL0Kue0XCaMhpsiUm8bGcaPB8/getUpdates "HTTP/1.1 200 OK"
2026-03-19 10:01:16,644 [AdsBot] HTTP Request: POST https://api.telegram.org/bot8720525169:AAHy-8lXS2JL0Kue0XCaMhpsiUm8bGcaPB8/getUpdates "HTTP/1.1 200 OK"
2026-03-19 10:01:26,775 [AdsBot] HTTP Request: POST https://api.telegram.org/bot8720525169:AAHy-8lXS2JL0Kue0XCaMhpsiUm8bGcaPB8/getUpdates "HTTP/1.1 200 OK"
2026-03-19 10:01:36,907 [AdsBot] HTTP Request: POST https://api.telegram.org/bot8720525169:AAHy-8lXS2JL0Kue0XCaMhpsiUm8bGcaPB8/getUpdates "HTTP/1.1 200 OK"
2026-03-19 10:01:47,055 [AdsBot] HTTP Request: POST https://api.telegram.org/bot8720525169:AAHy-8lXS2JL0Kue0XCaMhpsiUm8bGcaPB8/getUpdates "HTTP/1.1 200 OK"
2026-03-19 10:01:57,164 [AdsBot] HTTP Request: POST https://api.telegram.org/bot8720525169:AAHy-8lXS2JL0Kue0XCaMhpsiUm8bGcaPB8/getUpdates "HTTP/1.1 200 OK"
2026-03-19 10:02:07,301 [AdsBot] HTTP Request: POST https://api.telegram.org/bot8720525169:AAHy-8lXS2JL0Kue0XCaMhpsiUm8bGcaPB8/getUpdates "HTTP/1.1 200 OK"
2026-03-19 10:02:17,466 [AdsBot] HTTP Request: POST https://api.telegram.org/bot8720525169:AAHy-8lXS2JL0Kue0XCaMhpsiUm8bGcaPB8/getUpdates "HTTP/1.1 200 OK"
2026-03-19 10:02:27,615 [AdsBot] HTTP Request: POST https://api.telegram.org/bot8720525169:AAHy-8lXS2JL0Kue0XCaMhpsiUm8bGcaPB8/getUpdates "HTTP/1.1 200 OK"
2026-03-19 10:02:37,735 [AdsBot] HTTP Request: POST https://api.telegram.org/bot8720525169:AAHy-8lXS2JL0Kue0XCaMhpsiUm8bGcaPB8/getUpdates "HTTP/1.1 200 OK"
2026-03-19 10:02:47,847 [AdsBot] HTTP Request: POST https://api.telegram.org/bot8720525169:AAHy-8lXS2JL0Kue0XCaMhpsiUm8bGcaPB8/getUpdates "HTTP/1.1 200 OK"
2026-03-19 10:02:57,987 [AdsBot] HTTP Request: POST https://api.telegram.org/bot8720525169:AAHy-8lXS2JL0Kue0XCaMhpsiUm8bGcaPB8/getUpdates "HTTP/1.1 200 OK"
2026-03-19 10:03:08,127 [AdsBot] HTTP Request: POST https://api.telegram.org/bot8720525169:AAHy-8lXS2JL0Kue0XCaMhpsiUm8bGcaPB8/getUpdates "HTTP/1.1 200 OK"
2026-03-19 10:03:18,307 [AdsBot] HTTP Request: POST https://api.telegram.org/bot8720525169:AAHy-8lXS2JL0Kue0XCaMhpsiUm8bGcaPB8/getUpdates "HTTP/1.1 200 OK"
2026-03-19 10:03:28,532 [AdsBot] HTTP Request: POST https://api.telegram.org/bot8720525169:AAHy-8lXS2JL0Kue0XCaMhpsiUm8bGcaPB8/getUpdates "HTTP/1.1 200 OK"
2026-03-19 10:03:38,669 [AdsBot] HTTP Request: POST https://api.telegram.org/bot8720525169:AAHy-8lXS2JL0Kue0XCaMhpsiUm8bGcaPB8/getUpdates "HTTP/1.1 200 OK"
2026-03-19 10:03:48,915 [AdsBot] HTTP Request: POST https://api.telegram.org/bot8720525169:AAHy-8lXS2JL0Kue0XCaMhpsiUm8bGcaPB8/getUpdates "HTTP/1.1 200 OK"
2026-03-19 10:03:59,032 [AdsBot] HTTP Request: POST https://api.telegram.org/bot8720525169:AAHy-8lXS2JL0Kue0XCaMhpsiUm8bGcaPB8/getUpdates "HTTP/1.1 200 OK"
2026-03-19 10:04:09,147 [AdsBot] HTTP Request: POST https://api.telegram.org/bot8720525169:AAHy-8lXS2JL0Kue0XCaMhpsiUm8bGcaPB8/getUpdates "HTTP/1.1 200 OK"
2026-03-19 10:04:19,321 [AdsBot] HTTP Request: POST https://api.telegram.org/bot8720525169:AAHy-8lXS2JL0Kue0XCaMhpsiUm8bGcaPB8/getUpdates "HTTP/1.1 200 OK"
2026-03-19 10:04:29,434 [AdsBot] HTTP Request: POST https://api.telegram.org/bot8720525169:AAHy-8lXS2JL0Kue0XCaMhpsiUm8bGcaPB8/getUpdates "HTTP/1.1 200 OK"
2026-03-19 10:04:39,597 [AdsBot] HTTP Request: POST https://api.telegram.org/bot8720525169:AAHy-8lXS2JL0Kue0XCaMhpsiUm8bGcaPB8/getUpdates "HTTP/1.1 200 OK"
2026-03-19 10:04:49,715 [AdsBot] HTTP Request: POST https://api.telegram.org/bot8720525169:AAHy-8lXS2JL0Kue0XCaMhpsiUm8bGcaPB8/getUpdates "HTTP/1.1 200 OK"
2026-03-19 10:04:59,823 [AdsBot] HTTP Request: POST https://api.telegram.org/bot8720525169:AAHy-8lXS2JL0Kue0XCaMhpsiUm8bGcaPB8/getUpdates "HTTP/1.1 200 OK"
2026-03-19 10:05:10,015 [AdsBot] HTTP Request: POST https://api.telegram.org/bot8720525169:AAHy-8lXS2JL0Kue0XCaMhpsiUm8bGcaPB8/getUpdates "HTTP/1.1 200 OK"
2026-03-19 10:05:20,131 [AdsBot] HTTP Request: POST https://api.telegram.org/bot8720525169:AAHy-8lXS2JL0Kue0XCaMhpsiUm8bGcaPB8/getUpdates "HTTP/1.1 200 OK"
2026-03-19 10:05:30,238 [AdsBot] HTTP Request: POST https://api.telegram.org/bot8720525169:AAHy-8lXS2JL0Kue0XCaMhpsiUm8bGcaPB8/getUpdates "HTTP/1.1 200 OK"
2026-03-19 10:05:40,423 [AdsBot] HTTP Request: POST https://api.telegram.org/bot8720525169:AAHy-8lXS2JL0Kue0XCaMhpsiUm8bGcaPB8/getUpdates "HTTP/1.1 200 OK"
2026-03-19 10:05:50,563 [AdsBot] HTTP Request: POST https://api.telegram.org/bot8720525169:AAHy-8lXS2JL0Kue0XCaMhpsiUm8bGcaPB8/getUpdates "HTTP/1.1 200 OK"
2026-03-19 10:05:56,685 [AdsBot] HTTP Request: POST https://api.telegram.org/bot8720525169:AAHy-8lXS2JL0Kue0XCaMhpsiUm8bGcaPB8/getUpdates "HTTP/1.1 200 OK"
2026-03-19 10:06:06,853 [AdsBot] HTTP Request: POST https://api.telegram.org/bot8720525169:AAHy-8lXS2JL0Kue0XCaMhpsiUm8bGcaPB8/getUpdates "HTTP/1.1 200 OK"
2026-03-19 10:06:10,270 [AdsBot] HTTP Request: POST https://api.telegram.org/bot8720525169:AAHy-8lXS2JL0Kue0XCaMhpsiUm8bGcaPB8/getUpdates "HTTP/1.1 200 OK"
2026-03-19 10:06:20,567 [AdsBot] HTTP Request: POST https://api.telegram.org/bot8720525169:AAHy-8lXS2JL0Kue0XCaMhpsiUm8bGcaPB8/getUpdates "HTTP/1.1 200 OK"
2026-03-19 10:06:30,688 [AdsBot] HTTP Request: POST https://api.telegram.org/bot8720525169:AAHy-8lXS2JL0Kue0XCaMhpsiUm8bGcaPB8/getUpdates "HTTP/1.1 200 OK"
2026-03-19 10:06:40,836 [AdsBot] HTTP Request: POST https://api.telegram.org/bot8720525169:AAHy-8lXS2JL0Kue0XCaMhpsiUm8bGcaPB8/getUpdates "HTTP/1.1 200 OK"
2026-03-19 10:06:50,966 [AdsBot] HTTP Request: POST https://api.telegram.org/bot8720525169:AAHy-8lXS2JL0Kue0XCaMhpsiUm8bGcaPB8/getUpdates "HTTP/1.1 200 OK"
2026-03-19 10:07:01,109 [AdsBot] HTTP Request: POST https://api.telegram.org/bot8720525169:AAHy-8lXS2JL0Kue0XCaMhpsiUm8bGcaPB8/getUpdates "HTTP/1.1 200 OK"
2026-03-19 10:07:11,255 [AdsBot] HTTP Request: POST https://api.telegram.org/bot8720525169:AAHy-8lXS2JL0Kue0XCaMhpsiUm8bGcaPB8/getUpdates "HTTP/1.1 200 OK"
2026-03-19 10:07:21,390 [AdsBot] HTTP Request: POST https://api.telegram.org/bot8720525169:AAHy-8lXS2JL0Kue0XCaMhpsiUm8bGcaPB8/getUpdates "HTTP/1.1 200 OK"
2026-03-19 10:07:31,500 [AdsBot] HTTP Request: POST https://api.telegram.org/bot8720525169:AAHy-8lXS2JL0Kue0XCaMhpsiUm8bGcaPB8/getUpdates "HTTP/1.1 200 OK"
2026-03-19 10:07:41,609 [AdsBot] HTTP Request: POST https://api.telegram.org/bot8720525169:AAHy-8lXS2JL0Kue0XCaMhpsiUm8bGcaPB8/getUpdates "HTTP/1.1 200 OK"
2026-03-19 10:07:51,732 [AdsBot] HTTP Request: POST https://api.telegram.org/bot8720525169:AAHy-8lXS2JL0Kue0XCaMhpsiUm8bGcaPB8/getUpdates "HTTP/1.1 200 OK"
2026-03-19 10:08:01,845 [AdsBot] HTTP Request: POST https://api.telegram.org/bot8720525169:AAHy-8lXS2JL0Kue0XCaMhpsiUm8bGcaPB8/getUpdates "HTTP/1.1 200 OK"
2026-03-19 10:08:12,198 [AdsBot] HTTP Request: POST https://api.telegram.org/bot8720525169:AAHy-8lXS2JL0Kue0XCaMhpsiUm8bGcaPB8/getUpdates "HTTP/1.1 200 OK"
2026-03-19 10:08:22,326 [AdsBot] HTTP Request: POST https://api.telegram.org/bot8720525169:AAHy-8lXS2JL0Kue0XCaMhpsiUm8bGcaPB8/getUpdates "HTTP/1.1 200 OK"
2026-03-19 10:08:32,457 [AdsBot] HTTP Request: POST https://api.telegram.org/bot8720525169:AAHy-8lXS2JL0Kue0XCaMhpsiUm8bGcaPB8/getUpdates "HTTP/1.1 200 OK"
2026-03-19 10:08:36,307 [AdsBot] HTTP Request: POST https://api.telegram.org/bot8720525169:AAHy-8lXS2JL0Kue0XCaMhpsiUm8bGcaPB8/getUpdates "HTTP/1.1 200 OK"
2026-03-19 10:08:38,324 [AdsBot] HTTP Request: POST https://api.telegram.org/bot8720525169:AAHy-8lXS2JL0Kue0XCaMhpsiUm8bGcaPB8/getUpdates "HTTP/1.1 200 OK"
2026-03-19 10:08:41,876 [AdsBot] HTTP Request: POST https://api.telegram.org/bot8720525169:AAHy-8lXS2JL0Kue0XCaMhpsiUm8bGcaPB8/getUpdates "HTTP/1.1 200 OK"
2026-03-19 10:08:52,052 [AdsBot] HTTP Request: POST https://api.telegram.org/bot8720525169:AAHy-8lXS2JL0Kue0XCaMhpsiUm8bGcaPB8/getUpdates "HTTP/1.1 200 OK"
2026-03-19 10:09:02,163 [AdsBot] HTTP Request: POST https://api.telegram.org/bot8720525169:AAHy-8lXS2JL0Kue0XCaMhpsiUm8bGcaPB8/getUpdates "HTTP/1.1 200 OK"
2026-03-19 10:09:12,293 [AdsBot] HTTP Request: POST https://api.telegram.org/bot8720525169:AAHy-8lXS2JL0Kue0XCaMhpsiUm8bGcaPB8/getUpdates "HTTP/1.1 200 OK"
2026-03-19 10:09:22,430 [AdsBot] HTTP Request: POST https://api.telegram.org/bot8720525169:AAHy-8lXS2JL0Kue0XCaMhpsiUm8bGcaPB8/getUpdates "HTTP/1.1 200 OK"
2026-03-19 10:09:32,571 [AdsBot] HTTP Request: POST https://api.telegram.org/bot8720525169:AAHy-8lXS2JL0Kue0XCaMhpsiUm8bGcaPB8/getUpdates "HTTP/1.1 200 OK"
2026-03-19 10:09:42,707 [AdsBot] HTTP Request: POST https://api.telegram.org/bot8720525169:AAHy-8lXS2JL0Kue0XCaMhpsiUm8bGcaPB8/getUpdates "HTTP/1.1 200 OK"
2026-03-19 10:09:52,838 [AdsBot] HTTP Request: POST https://api.telegram.org/bot8720525169:AAHy-8lXS2JL0Kue0XCaMhpsiUm8bGcaPB8/getUpdates "HTTP/1.1 200 OK"
2026-03-19 10:10:02,964 [AdsBot] HTTP Request: POST https://api.telegram.org/bot8720525169:AAHy-8lXS2JL0Kue0XCaMhpsiUm8bGcaPB8/getUpdates "HTTP/1.1 200 OK"
2026-03-19 10:10:13,081 [AdsBot] HTTP Request: POST https://api.telegram.org/bot8720525169:AAHy-8lXS2JL0Kue0XCaMhpsiUm8bGcaPB8/getUpdates "HTTP/1.1 200 OK"
2026-03-19 10:10:23,253 [AdsBot] HTTP Request: POST https://api.telegram.org/bot8720525169:AAHy-8lXS2JL0Kue0XCaMhpsiUm8bGcaPB8/getUpdates "HTTP/1.1 200 OK"
2026-03-19 10:10:33,476 [AdsBot] HTTP Request: POST https://api.telegram.org/bot8720525169:AAHy-8lXS2JL0Kue0XCaMhpsiUm8bGcaPB8/getUpdates "HTTP/1.1 200 OK"
2026-03-19 10:10:43,614 [AdsBot] HTTP Request: POST https://api.telegram.org/bot8720525169:AAHy-8lXS2JL0Kue0XCaMhpsiUm8bGcaPB8/getUpdates "HTTP/1.1 200 OK"
2026-03-19 10:10:53,721 [AdsBot] HTTP Request: POST https://api.telegram.org/bot8720525169:AAHy-8lXS2JL0Kue0XCaMhpsiUm8bGcaPB8/getUpdates "HTTP/1.1 200 OK"
2026-03-19 10:11:03,894 [AdsBot] HTTP Request: POST https://api.telegram.org/bot8720525169:AAHy-8lXS2JL0Kue0XCaMhpsiUm8bGcaPB8/getUpdates "HTTP/1.1 200 OK"
2026-03-19 10:11:14,129 [AdsBot] HTTP Request: POST https://api.telegram.org/bot8720525169:AAHy-8lXS2JL0Kue0XCaMhpsiUm8bGcaPB8/getUpdates "HTTP/1.1 200 OK"
2026-03-19 10:11:24,266 [AdsBot] HTTP Request: POST https://api.telegram.org/bot8720525169:AAHy-8lXS2JL0Kue0XCaMhpsiUm8bGcaPB8/getUpdates "HTTP/1.1 200 OK"
2026-03-19 10:11:34,423 [AdsBot] HTTP Request: POST https://api.telegram.org/bot8720525169:AAHy-8lXS2JL0Kue0XCaMhpsiUm8bGcaPB8/getUpdates "HTTP/1.1 200 OK"
2026-03-19 10:11:44,575 [AdsBot] HTTP Request: POST https://api.telegram.org/bot8720525169:AAHy-8lXS2JL0Kue0XCaMhpsiUm8bGcaPB8/getUpdates "HTTP/1.1 200 OK"
2026-03-19 10:11:54,705 [AdsBot] HTTP Request: POST https://api.telegram.org/bot8720525169:AAHy-8lXS2JL0Kue0XCaMhpsiUm8bGcaPB8/getUpdates "HTTP/1.1 200 OK"
2026-03-19 10:12:04,817 [AdsBot] HTTP Request: POST https://api.telegram.org/bot8720525169:AAHy-8lXS2JL0Kue0XCaMhpsiUm8bGcaPB8/getUpdates "HTTP/1.1 200 OK"
2026-03-19 10:12:14,960 [AdsBot] HTTP Request: POST https://api.telegram.org/bot8720525169:AAHy-8lXS2JL0Kue0XCaMhpsiUm8bGcaPB8/getUpdates "HTTP/1.1 200 OK"
2026-03-19 10:12:25,092 [AdsBot] HTTP Request: POST https://api.telegram.org/bot8720525169:AAHy-8lXS2JL0Kue0XCaMhpsiUm8bGcaPB8/getUpdates "HTTP/1.1 200 OK"
2026-03-19 10:12:35,238 [AdsBot] HTTP Request: POST https://api.telegram.org/bot8720525169:AAHy-8lXS2JL0Kue0XCaMhpsiUm8bGcaPB8/getUpdates "HTTP/1.1 200 OK"
2026-03-19 10:12:45,349 [AdsBot] HTTP Request: POST https://api.telegram.org/bot8720525169:AAHy-8lXS2JL0Kue0XCaMhpsiUm8bGcaPB8/getUpdates "HTTP/1.1 200 OK"
2026-03-19 10:12:55,504 [AdsBot] HTTP Request: POST https://api.telegram.org/bot8720525169:AAHy-8lXS2JL0Kue0XCaMhpsiUm8bGcaPB8/getUpdates "HTTP/1.1 200 OK"
2026-03-19 10:13:05,646 [AdsBot] HTTP Request: POST https://api.telegram.org/bot8720525169:AAHy-8lXS2JL0Kue0XCaMhpsiUm8bGcaPB8/getUpdates "HTTP/1.1 200 OK"
2026-03-19 10:13:15,766 [AdsBot] HTTP Request: POST https://api.telegram.org/bot8720525169:AAHy-8lXS2JL0Kue0XCaMhpsiUm8bGcaPB8/getUpdates "HTTP/1.1 200 OK"
2026-03-19 10:13:26,021 [AdsBot] HTTP Request: POST https://api.telegram.org/bot8720525169:AAHy-8lXS2JL0Kue0XCaMhpsiUm8bGcaPB8/getUpdates "HTTP/1.1 200 OK"
2026-03-19 10:13:36,224 [AdsBot] HTTP Request: POST https://api.telegram.org/bot8720525169:AAHy-8lXS2JL0Kue0XCaMhpsiUm8bGcaPB8/getUpdates "HTTP/1.1 200 OK"
2026-03-19 10:13:46,364 [AdsBot] HTTP Request: POST https://api.telegram.org/bot8720525169:AAHy-8lXS2JL0Kue0XCaMhpsiUm8bGcaPB8/getUpdates "HTTP/1.1 200 OK"
2026-03-19 10:13:56,495 [AdsBot] HTTP Request: POST https://api.telegram.org/bot8720525169:AAHy-8lXS2JL0Kue0XCaMhpsiUm8bGcaPB8/getUpdates "HTTP/1.1 200 OK"
2026-03-19 10:14:06,632 [AdsBot] HTTP Request: POST https://api.telegram.org/bot8720525169:AAHy-8lXS2JL0Kue0XCaMhpsiUm8bGcaPB8/getUpdates "HTTP/1.1 200 OK"
2026-03-19 10:14:16,815 [AdsBot] HTTP Request: POST https://api.telegram.org/bot8720525169:AAHy-8lXS2JL0Kue0XCaMhpsiUm8bGcaPB8/getUpdates "HTTP/1.1 200 OK"
2026-03-19 10:14:26,968 [AdsBot] HTTP Request: POST https://api.telegram.org/bot8720525169:AAHy-8lXS2JL0Kue0XCaMhpsiUm8bGcaPB8/getUpdates "HTTP/1.1 200 OK"
2026-03-19 10:14:37,190 [AdsBot] HTTP Request: POST https://api.telegram.org/bot8720525169:AAHy-8lXS2JL0Kue0XCaMhpsiUm8bGcaPB8/getUpdates "HTTP/1.1 200 OK"
2026-03-19 10:14:47,427 [AdsBot] HTTP Request: POST https://api.telegram.org/bot8720525169:AAHy-8lXS2JL0Kue0XCaMhpsiUm8bGcaPB8/getUpdates "HTTP/1.1 200 OK"
2026-03-19 10:14:57,557 [AdsBot] HTTP Request: POST https://api.telegram.org/bot8720525169:AAHy-8lXS2JL0Kue0XCaMhpsiUm8bGcaPB8/getUpdates "HTTP/1.1 200 OK"
2026-03-19 10:15:07,678 [AdsBot] HTTP Request: POST https://api.telegram.org/bot8720525169:AAHy-8lXS2JL0Kue0XCaMhpsiUm8bGcaPB8/getUpdates "HTTP/1.1 200 OK"
2026-03-19 10:15:17,837 [AdsBot] HTTP Request: POST https://api.telegram.org/bot8720525169:AAHy-8lXS2JL0Kue0XCaMhpsiUm8bGcaPB8/getUpdates "HTTP/1.1 200 OK"
2026-03-19 10:15:27,952 [AdsBot] HTTP Request: POST https://api.telegram.org/bot8720525169:AAHy-8lXS2JL0Kue0XCaMhpsiUm8bGcaPB8/getUpdates "HTTP/1.1 200 OK"
2026-03-19 10:15:38,119 [AdsBot] HTTP Request: POST https://api.telegram.org/bot8720525169:AAHy-8lXS2JL0Kue0XCaMhpsiUm8bGcaPB8/getUpdates "HTTP/1.1 200 OK"
2026-03-19 10:15:48,275 [AdsBot] HTTP Request: POST https://api.telegram.org/bot8720525169:AAHy-8lXS2JL0Kue0XCaMhpsiUm8bGcaPB8/getUpdates "HTTP/1.1 200 OK"
2026-03-19 10:15:58,400 [AdsBot] HTTP Request: POST https://api.telegram.org/bot8720525169:AAHy-8lXS2JL0Kue0XCaMhpsiUm8bGcaPB8/getUpdates "HTTP/1.1 200 OK"
2026-03-19 10:16:08,514 [AdsBot] HTTP Request: POST https://api.telegram.org/bot8720525169:AAHy-8lXS2JL0Kue0XCaMhpsiUm8bGcaPB8/getUpdates "HTTP/1.1 200 OK"
2026-03-19 10:16:18,629 [AdsBot] HTTP Request: POST https://api.telegram.org/bot8720525169:AAHy-8lXS2JL0Kue0XCaMhpsiUm8bGcaPB8/getUpdates "HTTP/1.1 200 OK"
2026-03-19 10:16:28,748 [AdsBot] HTTP Request: POST https://api.telegram.org/bot8720525169:AAHy-8lXS2JL0Kue0XCaMhpsiUm8bGcaPB8/getUpdates "HTTP/1.1 200 OK"
2026-03-19 10:16:38,962 [AdsBot] HTTP Request: POST https://api.telegram.org/bot8720525169:AAHy-8lXS2JL0Kue0XCaMhpsiUm8bGcaPB8/getUpdates "HTTP/1.1 200 OK"
2026-03-19 10:16:49,085 [AdsBot] HTTP Request: POST https://api.telegram.org/bot8720525169:AAHy-8lXS2JL0Kue0XCaMhpsiUm8bGcaPB8/getUpdates "HTTP/1.1 200 OK"
2026-03-19 10:16:59,217 [AdsBot] HTTP Request: POST https://api.telegram.org/bot8720525169:AAHy-8lXS2JL0Kue0XCaMhpsiUm8bGcaPB8/getUpdates "HTTP/1.1 200 OK"
2026-03-19 10:17:09,340 [AdsBot] HTTP Request: POST https://api.telegram.org/bot8720525169:AAHy-8lXS2JL0Kue0XCaMhpsiUm8bGcaPB8/getUpdates "HTTP/1.1 200 OK"
2026-03-19 10:17:19,455 [AdsBot] HTTP Request: POST https://api.telegram.org/bot8720525169:AAHy-8lXS2JL0Kue0XCaMhpsiUm8bGcaPB8/getUpdates "HTTP/1.1 200 OK"
2026-03-19 10:17:29,587 [AdsBot] HTTP Request: POST https://api.telegram.org/bot8720525169:AAHy-8lXS2JL0Kue0XCaMhpsiUm8bGcaPB8/getUpdates "HTTP/1.1 200 OK"
2026-03-19 10:17:39,705 [AdsBot] HTTP Request: POST https://api.telegram.org/bot8720525169:AAHy-8lXS2JL0Kue0XCaMhpsiUm8bGcaPB8/getUpdates "HTTP/1.1 200 OK"
2026-03-19 10:17:49,829 [AdsBot] HTTP Request: POST https://api.telegram.org/bot8720525169:AAHy-8lXS2JL0Kue0XCaMhpsiUm8bGcaPB8/getUpdates "HTTP/1.1 200 OK"
2026-03-19 10:17:59,952 [AdsBot] HTTP Request: POST https://api.telegram.org/bot8720525169:AAHy-8lXS2JL0Kue0XCaMhpsiUm8bGcaPB8/getUpdates "HTTP/1.1 200 OK"
2026-03-19 10:18:10,087 [AdsBot] HTTP Request: POST https://api.telegram.org/bot8720525169:AAHy-8lXS2JL0Kue0XCaMhpsiUm8bGcaPB8/getUpdates "HTTP/1.1 200 OK"
2026-03-19 10:18:20,216 [AdsBot] HTTP Request: POST https://api.telegram.org/bot8720525169:AAHy-8lXS2JL0Kue0XCaMhpsiUm8bGcaPB8/getUpdates "HTTP/1.1 200 OK"
2026-03-19 10:18:30,366 [AdsBot] HTTP Request: POST https://api.telegram.org/bot8720525169:AAHy-8lXS2JL0Kue0XCaMhpsiUm8bGcaPB8/getUpdates "HTTP/1.1 200 OK"
2026-03-19 10:18:40,492 [AdsBot] HTTP Request: POST https://api.telegram.org/bot8720525169:AAHy-8lXS2JL0Kue0XCaMhpsiUm8bGcaPB8/getUpdates "HTTP/1.1 200 OK"
2026-03-19 10:18:50,657 [AdsBot] HTTP Request: POST https://api.telegram.org/bot8720525169:AAHy-8lXS2JL0Kue0XCaMhpsiUm8bGcaPB8/getUpdates "HTTP/1.1 200 OK"
2026-03-19 10:19:00,805 [AdsBot] HTTP Request: POST https://api.telegram.org/bot8720525169:AAHy-8lXS2JL0Kue0XCaMhpsiUm8bGcaPB8/getUpdates "HTTP/1.1 200 OK"
