2026-03-19 09:33:29,887 [SpeakBot] HTTP Request: POST https://api.telegram.org/bot8625727121:AAGlC1lSvGsE8jpj2F8FTc7Hpc4cB0rgRt0/getMe "HTTP/1.1 200 OK"
2026-03-19 09:33:29,900 [SpeakBot] Application started
2026-03-19 09:33:30,110 [SpeakBot] HTTP Request: POST https://api.telegram.org/bot8625727121:AAGlC1lSvGsE8jpj2F8FTc7Hpc4cB0rgRt0/deleteWebhook "HTTP/1.1 200 OK"
2026-03-19 09:33:30,111 [SpeakBot] ✅ @SpeakBetterrbot онлайн
2026-03-19 09:33:40,544 [SpeakBot] HTTP Request: POST https://api.telegram.org/bot8625727121:AAGlC1lSvGsE8jpj2F8FTc7Hpc4cB0rgRt0/getUpdates "HTTP/1.1 200 OK"
2026-03-19 09:33:50,675 [SpeakBot] HTTP Request: POST https://api.telegram.org/bot8625727121:AAGlC1lSvGsE8jpj2F8FTc7Hpc4cB0rgRt0/getUpdates "HTTP/1.1 200 OK"
2026-03-19 09:34:00,806 [SpeakBot] HTTP Request: POST https://api.telegram.org/bot8625727121:AAGlC1lSvGsE8jpj2F8FTc7Hpc4cB0rgRt0/getUpdates "HTTP/1.1 200 OK"
2026-03-19 09:34:10,950 [SpeakBot] HTTP Request: POST https://api.telegram.org/bot8625727121:AAGlC1lSvGsE8jpj2F8FTc7Hpc4cB0rgRt0/getUpdates "HTTP/1.1 200 OK"
2026-03-19 09:34:21,086 [SpeakBot] HTTP Request: POST https://api.telegram.org/bot8625727121:AAGlC1lSvGsE8jpj2F8FTc7Hpc4cB0rgRt0/getUpdates "HTTP/1.1 200 OK"
2026-03-19 09:34:31,223 [SpeakBot] HTTP Request: POST https://api.telegram.org/bot8625727121:AAGlC1lSvGsE8jpj2F8FTc7Hpc4cB0rgRt0/getUpdates "HTTP/1.1 200 OK"
2026-03-19 09:34:41,359 [SpeakBot] HTTP Request: POST https://api.telegram.org/bot8625727121:AAGlC1lSvGsE8jpj2F8FTc7Hpc4cB0rgRt0/getUpdates "HTTP/1.1 200 OK"
2026-03-19 09:34:51,503 [SpeakBot] HTTP Request: POST https://api.telegram.org/bot8625727121:AAGlC1lSvGsE8jpj2F8FTc7Hpc4cB0rgRt0/getUpdates "HTTP/1.1 200 OK"
2026-03-19 09:35:01,738 [SpeakBot] HTTP Request: POST https://api.telegram.org/bot8625727121:AAGlC1lSvGsE8jpj2F8FTc7Hpc4cB0rgRt0/getUpdates "HTTP/1.1 200 OK"
2026-03-19 09:35:11,882 [SpeakBot] HTTP Request: POST https://api.telegram.org/bot8625727121:AAGlC1lSvGsE8jpj2F8FTc7Hpc4cB0rgRt0/getUpdates "HTTP/1.1 200 OK"
2026-03-19 09:35:22,016 [SpeakBot] HTTP Request: POST https://api.telegram.org/bot8625727121:AAGlC1lSvGsE8jpj2F8FTc7Hpc4cB0rgRt0/getUpdates "HTTP/1.1 200 OK"
2026-03-19 09:35:32,151 [SpeakBot] HTTP Request: POST https://api.telegram.org/bot8625727121:AAGlC1lSvGsE8jpj2F8FTc7Hpc4cB0rgRt0/getUpdates "HTTP/1.1 200 OK"
2026-03-19 09:35:42,277 [SpeakBot] HTTP Request: POST https://api.telegram.org/bot8625727121:AAGlC1lSvGsE8jpj2F8FTc7Hpc4cB0rgRt0/getUpdates "HTTP/1.1 200 OK"
2026-03-19 09:35:52,447 [SpeakBot] HTTP Request: POST https://api.telegram.org/bot8625727121:AAGlC1lSvGsE8jpj2F8FTc7Hpc4cB0rgRt0/getUpdates "HTTP/1.1 200 OK"
2026-03-19 09:36:02,568 [SpeakBot] HTTP Request: POST https://api.telegram.org/bot8625727121:AAGlC1lSvGsE8jpj2F8FTc7Hpc4cB0rgRt0/getUpdates "HTTP/1.1 200 OK"
2026-03-19 09:36:12,709 [SpeakBot] HTTP Request: POST https://api.telegram.org/bot8625727121:AAGlC1lSvGsE8jpj2F8FTc7Hpc4cB0rgRt0/getUpdates "HTTP/1.1 200 OK"
2026-03-19 09:36:22,943 [SpeakBot] HTTP Request: POST https://api.telegram.org/bot8625727121:AAGlC1lSvGsE8jpj2F8FTc7Hpc4cB0rgRt0/getUpdates "HTTP/1.1 200 OK"
2026-03-19 09:36:33,057 [SpeakBot] HTTP Request: POST https://api.telegram.org/bot8625727121:AAGlC1lSvGsE8jpj2F8FTc7Hpc4cB0rgRt0/getUpdates "HTTP/1.1 200 OK"
2026-03-19 09:36:43,241 [SpeakBot] HTTP Request: POST https://api.telegram.org/bot8625727121:AAGlC1lSvGsE8jpj2F8FTc7Hpc4cB0rgRt0/getUpdates "HTTP/1.1 200 OK"
2026-03-19 09:36:53,370 [SpeakBot] HTTP Request: POST https://api.telegram.org/bot8625727121:AAGlC1lSvGsE8jpj2F8FTc7Hpc4cB0rgRt0/getUpdates "HTTP/1.1 200 OK"
2026-03-19 09:37:03,500 [SpeakBot] HTTP Request: POST https://api.telegram.org/bot8625727121:AAGlC1lSvGsE8jpj2F8FTc7Hpc4cB0rgRt0/getUpdates "HTTP/1.1 200 OK"
2026-03-19 09:37:13,739 [SpeakBot] HTTP Request: POST https://api.telegram.org/bot8625727121:AAGlC1lSvGsE8jpj2F8FTc7Hpc4cB0rgRt0/getUpdates "HTTP/1.1 200 OK"
2026-03-19 09:37:23,873 [SpeakBot] HTTP Request: POST https://api.telegram.org/bot8625727121:AAGlC1lSvGsE8jpj2F8FTc7Hpc4cB0rgRt0/getUpdates "HTTP/1.1 200 OK"
2026-03-19 09:37:33,986 [SpeakBot] HTTP Request: POST https://api.telegram.org/bot8625727121:AAGlC1lSvGsE8jpj2F8FTc7Hpc4cB0rgRt0/getUpdates "HTTP/1.1 200 OK"
2026-03-19 09:37:44,169 [SpeakBot] HTTP Request: POST https://api.telegram.org/bot8625727121:AAGlC1lSvGsE8jpj2F8FTc7Hpc4cB0rgRt0/getUpdates "HTTP/1.1 200 OK"
2026-03-19 09:37:54,324 [SpeakBot] HTTP Request: POST https://api.telegram.org/bot8625727121:AAGlC1lSvGsE8jpj2F8FTc7Hpc4cB0rgRt0/getUpdates "HTTP/1.1 200 OK"
2026-03-19 09:38:04,458 [SpeakBot] HTTP Request: POST https://api.telegram.org/bot8625727121:AAGlC1lSvGsE8jpj2F8FTc7Hpc4cB0rgRt0/getUpdates "HTTP/1.1 200 OK"
2026-03-19 09:38:14,574 [SpeakBot] HTTP Request: POST https://api.telegram.org/bot8625727121:AAGlC1lSvGsE8jpj2F8FTc7Hpc4cB0rgRt0/getUpdates "HTTP/1.1 200 OK"
2026-03-19 09:38:24,694 [SpeakBot] HTTP Request: POST https://api.telegram.org/bot8625727121:AAGlC1lSvGsE8jpj2F8FTc7Hpc4cB0rgRt0/getUpdates "HTTP/1.1 200 OK"
2026-03-19 09:38:34,830 [SpeakBot] HTTP Request: POST https://api.telegram.org/bot8625727121:AAGlC1lSvGsE8jpj2F8FTc7Hpc4cB0rgRt0/getUpdates "HTTP/1.1 200 OK"
2026-03-19 09:38:44,980 [SpeakBot] HTTP Request: POST https://api.telegram.org/bot8625727121:AAGlC1lSvGsE8jpj2F8FTc7Hpc4cB0rgRt0/getUpdates "HTTP/1.1 200 OK"
2026-03-19 09:38:55,116 [SpeakBot] HTTP Request: POST https://api.telegram.org/bot8625727121:AAGlC1lSvGsE8jpj2F8FTc7Hpc4cB0rgRt0/getUpdates "HTTP/1.1 200 OK"
2026-03-19 09:39:05,251 [SpeakBot] HTTP Request: POST https://api.telegram.org/bot8625727121:AAGlC1lSvGsE8jpj2F8FTc7Hpc4cB0rgRt0/getUpdates "HTTP/1.1 200 OK"
2026-03-19 09:39:15,390 [SpeakBot] HTTP Request: POST https://api.telegram.org/bot8625727121:AAGlC1lSvGsE8jpj2F8FTc7Hpc4cB0rgRt0/getUpdates "HTTP/1.1 200 OK"
2026-03-19 09:39:25,510 [SpeakBot] HTTP Request: POST https://api.telegram.org/bot8625727121:AAGlC1lSvGsE8jpj2F8FTc7Hpc4cB0rgRt0/getUpdates "HTTP/1.1 200 OK"
2026-03-19 09:39:35,661 [SpeakBot] HTTP Request: POST https://api.telegram.org/bot8625727121:AAGlC1lSvGsE8jpj2F8FTc7Hpc4cB0rgRt0/getUpdates "HTTP/1.1 200 OK"
2026-03-19 09:39:45,803 [SpeakBot] HTTP Request: POST https://api.telegram.org/bot8625727121:AAGlC1lSvGsE8jpj2F8FTc7Hpc4cB0rgRt0/getUpdates "HTTP/1.1 200 OK"
2026-03-19 09:39:55,938 [SpeakBot] HTTP Request: POST https://api.telegram.org/bot8625727121:AAGlC1lSvGsE8jpj2F8FTc7Hpc4cB0rgRt0/getUpdates "HTTP/1.1 200 OK"
2026-03-19 09:40:06,077 [SpeakBot] HTTP Request: POST https://api.telegram.org/bot8625727121:AAGlC1lSvGsE8jpj2F8FTc7Hpc4cB0rgRt0/getUpdates "HTTP/1.1 200 OK"
2026-03-19 09:40:16,190 [SpeakBot] HTTP Request: POST https://api.telegram.org/bot8625727121:AAGlC1lSvGsE8jpj2F8FTc7Hpc4cB0rgRt0/getUpdates "HTTP/1.1 200 OK"
2026-03-19 09:40:26,309 [SpeakBot] HTTP Request: POST https://api.telegram.org/bot8625727121:AAGlC1lSvGsE8jpj2F8FTc7Hpc4cB0rgRt0/getUpdates "HTTP/1.1 200 OK"
2026-03-19 09:40:36,423 [SpeakBot] HTTP Request: POST https://api.telegram.org/bot8625727121:AAGlC1lSvGsE8jpj2F8FTc7Hpc4cB0rgRt0/getUpdates "HTTP/1.1 200 OK"
2026-03-19 09:40:46,561 [SpeakBot] HTTP Request: POST https://api.telegram.org/bot8625727121:AAGlC1lSvGsE8jpj2F8FTc7Hpc4cB0rgRt0/getUpdates "HTTP/1.1 200 OK"
2026-03-19 09:40:56,758 [SpeakBot] HTTP Request: POST https://api.telegram.org/bot8625727121:AAGlC1lSvGsE8jpj2F8FTc7Hpc4cB0rgRt0/getUpdates "HTTP/1.1 200 OK"
2026-03-19 09:41:07,008 [SpeakBot] HTTP Request: POST https://api.telegram.org/bot8625727121:AAGlC1lSvGsE8jpj2F8FTc7Hpc4cB0rgRt0/getUpdates "HTTP/1.1 200 OK"
2026-03-19 09:41:17,129 [SpeakBot] HTTP Request: POST https://api.telegram.org/bot8625727121:AAGlC1lSvGsE8jpj2F8FTc7Hpc4cB0rgRt0/getUpdates "HTTP/1.1 200 OK"
2026-03-19 09:41:27,248 [SpeakBot] HTTP Request: POST https://api.telegram.org/bot8625727121:AAGlC1lSvGsE8jpj2F8FTc7Hpc4cB0rgRt0/getUpdates "HTTP/1.1 200 OK"
2026-03-19 09:41:37,410 [SpeakBot] HTTP Request: POST https://api.telegram.org/bot8625727121:AAGlC1lSvGsE8jpj2F8FTc7Hpc4cB0rgRt0/getUpdates "HTTP/1.1 200 OK"
2026-03-19 09:41:47,519 [SpeakBot] HTTP Request: POST https://api.telegram.org/bot8625727121:AAGlC1lSvGsE8jpj2F8FTc7Hpc4cB0rgRt0/getUpdates "HTTP/1.1 200 OK"
2026-03-19 09:41:57,693 [SpeakBot] HTTP Request: POST https://api.telegram.org/bot8625727121:AAGlC1lSvGsE8jpj2F8FTc7Hpc4cB0rgRt0/getUpdates "HTTP/1.1 200 OK"
2026-03-19 09:42:07,808 [SpeakBot] HTTP Request: POST https://api.telegram.org/bot8625727121:AAGlC1lSvGsE8jpj2F8FTc7Hpc4cB0rgRt0/getUpdates "HTTP/1.1 200 OK"
2026-03-19 09:42:17,963 [SpeakBot] HTTP Request: POST https://api.telegram.org/bot8625727121:AAGlC1lSvGsE8jpj2F8FTc7Hpc4cB0rgRt0/getUpdates "HTTP/1.1 200 OK"
2026-03-19 09:42:28,071 [SpeakBot] HTTP Request: POST https://api.telegram.org/bot8625727121:AAGlC1lSvGsE8jpj2F8FTc7Hpc4cB0rgRt0/getUpdates "HTTP/1.1 200 OK"
2026-03-19 09:42:38,183 [SpeakBot] HTTP Request: POST https://api.telegram.org/bot8625727121:AAGlC1lSvGsE8jpj2F8FTc7Hpc4cB0rgRt0/getUpdates "HTTP/1.1 200 OK"
2026-03-19 09:42:48,375 [SpeakBot] HTTP Request: POST https://api.telegram.org/bot8625727121:AAGlC1lSvGsE8jpj2F8FTc7Hpc4cB0rgRt0/getUpdates "HTTP/1.1 200 OK"
2026-03-19 09:42:58,518 [SpeakBot] HTTP Request: POST https://api.telegram.org/bot8625727121:AAGlC1lSvGsE8jpj2F8FTc7Hpc4cB0rgRt0/getUpdates "HTTP/1.1 200 OK"
2026-03-19 09:43:08,640 [SpeakBot] HTTP Request: POST https://api.telegram.org/bot8625727121:AAGlC1lSvGsE8jpj2F8FTc7Hpc4cB0rgRt0/getUpdates "HTTP/1.1 200 OK"
2026-03-19 09:43:18,792 [SpeakBot] HTTP Request: POST https://api.telegram.org/bot8625727121:AAGlC1lSvGsE8jpj2F8FTc7Hpc4cB0rgRt0/getUpdates "HTTP/1.1 200 OK"
2026-03-19 09:43:28,929 [SpeakBot] HTTP Request: POST https://api.telegram.org/bot8625727121:AAGlC1lSvGsE8jpj2F8FTc7Hpc4cB0rgRt0/getUpdates "HTTP/1.1 200 OK"
2026-03-19 09:43:39,052 [SpeakBot] HTTP Request: POST https://api.telegram.org/bot8625727121:AAGlC1lSvGsE8jpj2F8FTc7Hpc4cB0rgRt0/getUpdates "HTTP/1.1 200 OK"
2026-03-19 09:43:49,205 [SpeakBot] HTTP Request: POST https://api.telegram.org/bot8625727121:AAGlC1lSvGsE8jpj2F8FTc7Hpc4cB0rgRt0/getUpdates "HTTP/1.1 200 OK"
2026-03-19 09:43:59,339 [SpeakBot] HTTP Request: POST https://api.telegram.org/bot8625727121:AAGlC1lSvGsE8jpj2F8FTc7Hpc4cB0rgRt0/getUpdates "HTTP/1.1 200 OK"
2026-03-19 09:44:09,477 [SpeakBot] HTTP Request: POST https://api.telegram.org/bot8625727121:AAGlC1lSvGsE8jpj2F8FTc7Hpc4cB0rgRt0/getUpdates "HTTP/1.1 200 OK"
2026-03-19 09:44:19,598 [SpeakBot] HTTP Request: POST https://api.telegram.org/bot8625727121:AAGlC1lSvGsE8jpj2F8FTc7Hpc4cB0rgRt0/getUpdates "HTTP/1.1 200 OK"
2026-03-19 09:44:29,749 [SpeakBot] HTTP Request: POST https://api.telegram.org/bot8625727121:AAGlC1lSvGsE8jpj2F8FTc7Hpc4cB0rgRt0/getUpdates "HTTP/1.1 200 OK"
2026-03-19 09:44:39,892 [SpeakBot] HTTP Request: POST https://api.telegram.org/bot8625727121:AAGlC1lSvGsE8jpj2F8FTc7Hpc4cB0rgRt0/getUpdates "HTTP/1.1 200 OK"
2026-03-19 09:44:50,016 [SpeakBot] HTTP Request: POST https://api.telegram.org/bot8625727121:AAGlC1lSvGsE8jpj2F8FTc7Hpc4cB0rgRt0/getUpdates "HTTP/1.1 200 OK"
2026-03-19 09:45:00,177 [SpeakBot] HTTP Request: POST https://api.telegram.org/bot8625727121:AAGlC1lSvGsE8jpj2F8FTc7Hpc4cB0rgRt0/getUpdates "HTTP/1.1 200 OK"
2026-03-19 09:45:10,407 [SpeakBot] HTTP Request: POST https://api.telegram.org/bot8625727121:AAGlC1lSvGsE8jpj2F8FTc7Hpc4cB0rgRt0/getUpdates "HTTP/1.1 200 OK"
2026-03-19 09:45:20,543 [SpeakBot] HTTP Request: POST https://api.telegram.org/bot8625727121:AAGlC1lSvGsE8jpj2F8FTc7Hpc4cB0rgRt0/getUpdates "HTTP/1.1 200 OK"
2026-03-19 09:45:30,657 [SpeakBot] HTTP Request: POST https://api.telegram.org/bot8625727121:AAGlC1lSvGsE8jpj2F8FTc7Hpc4cB0rgRt0/getUpdates "HTTP/1.1 200 OK"
2026-03-19 09:45:40,823 [SpeakBot] HTTP Request: POST https://api.telegram.org/bot8625727121:AAGlC1lSvGsE8jpj2F8FTc7Hpc4cB0rgRt0/getUpdates "HTTP/1.1 200 OK"
2026-03-19 09:45:50,970 [SpeakBot] HTTP Request: POST https://api.telegram.org/bot8625727121:AAGlC1lSvGsE8jpj2F8FTc7Hpc4cB0rgRt0/getUpdates "HTTP/1.1 200 OK"
2026-03-19 09:46:01,178 [SpeakBot] HTTP Request: POST https://api.telegram.org/bot8625727121:AAGlC1lSvGsE8jpj2F8FTc7Hpc4cB0rgRt0/getUpdates "HTTP/1.1 200 OK"
2026-03-19 09:46:11,300 [SpeakBot] HTTP Request: POST https://api.telegram.org/bot8625727121:AAGlC1lSvGsE8jpj2F8FTc7Hpc4cB0rgRt0/getUpdates "HTTP/1.1 200 OK"
2026-03-19 09:46:21,467 [SpeakBot] HTTP Request: POST https://api.telegram.org/bot8625727121:AAGlC1lSvGsE8jpj2F8FTc7Hpc4cB0rgRt0/getUpdates "HTTP/1.1 200 OK"
2026-03-19 09:46:31,584 [SpeakBot] HTTP Request: POST https://api.telegram.org/bot8625727121:AAGlC1lSvGsE8jpj2F8FTc7Hpc4cB0rgRt0/getUpdates "HTTP/1.1 200 OK"
2026-03-19 09:46:41,728 [SpeakBot] HTTP Request: POST https://api.telegram.org/bot8625727121:AAGlC1lSvGsE8jpj2F8FTc7Hpc4cB0rgRt0/getUpdates "HTTP/1.1 200 OK"
2026-03-19 09:46:51,896 [SpeakBot] HTTP Request: POST https://api.telegram.org/bot8625727121:AAGlC1lSvGsE8jpj2F8FTc7Hpc4cB0rgRt0/getUpdates "HTTP/1.1 200 OK"
2026-03-19 09:47:02,014 [SpeakBot] HTTP Request: POST https://api.telegram.org/bot8625727121:AAGlC1lSvGsE8jpj2F8FTc7Hpc4cB0rgRt0/getUpdates "HTTP/1.1 200 OK"
2026-03-19 09:47:12,132 [SpeakBot] HTTP Request: POST https://api.telegram.org/bot8625727121:AAGlC1lSvGsE8jpj2F8FTc7Hpc4cB0rgRt0/getUpdates "HTTP/1.1 200 OK"
2026-03-19 09:47:22,299 [SpeakBot] HTTP Request: POST https://api.telegram.org/bot8625727121:AAGlC1lSvGsE8jpj2F8FTc7Hpc4cB0rgRt0/getUpdates "HTTP/1.1 200 OK"
2026-03-19 09:47:32,431 [SpeakBot] HTTP Request: POST https://api.telegram.org/bot8625727121:AAGlC1lSvGsE8jpj2F8FTc7Hpc4cB0rgRt0/getUpdates "HTTP/1.1 200 OK"
2026-03-19 09:47:42,572 [SpeakBot] HTTP Request: POST https://api.telegram.org/bot8625727121:AAGlC1lSvGsE8jpj2F8FTc7Hpc4cB0rgRt0/getUpdates "HTTP/1.1 200 OK"
2026-03-19 09:47:52,723 [SpeakBot] HTTP Request: POST https://api.telegram.org/bot8625727121:AAGlC1lSvGsE8jpj2F8FTc7Hpc4cB0rgRt0/getUpdates "HTTP/1.1 200 OK"
2026-03-19 09:48:02,855 [SpeakBot] HTTP Request: POST https://api.telegram.org/bot8625727121:AAGlC1lSvGsE8jpj2F8FTc7Hpc4cB0rgRt0/getUpdates "HTTP/1.1 200 OK"
2026-03-19 09:48:12,976 [SpeakBot] HTTP Request: POST https://api.telegram.org/bot8625727121:AAGlC1lSvGsE8jpj2F8FTc7Hpc4cB0rgRt0/getUpdates "HTTP/1.1 200 OK"
2026-03-19 09:48:23,180 [SpeakBot] HTTP Request: POST https://api.telegram.org/bot8625727121:AAGlC1lSvGsE8jpj2F8FTc7Hpc4cB0rgRt0/getUpdates "HTTP/1.1 200 OK"
2026-03-19 09:48:33,293 [SpeakBot] HTTP Request: POST https://api.telegram.org/bot8625727121:AAGlC1lSvGsE8jpj2F8FTc7Hpc4cB0rgRt0/getUpdates "HTTP/1.1 200 OK"
2026-03-19 09:48:43,503 [SpeakBot] HTTP Request: POST https://api.telegram.org/bot8625727121:AAGlC1lSvGsE8jpj2F8FTc7Hpc4cB0rgRt0/getUpdates "HTTP/1.1 200 OK"
2026-03-19 09:48:53,635 [SpeakBot] HTTP Request: POST https://api.telegram.org/bot8625727121:AAGlC1lSvGsE8jpj2F8FTc7Hpc4cB0rgRt0/getUpdates "HTTP/1.1 200 OK"
2026-03-19 09:49:03,753 [SpeakBot] HTTP Request: POST https://api.telegram.org/bot8625727121:AAGlC1lSvGsE8jpj2F8FTc7Hpc4cB0rgRt0/getUpdates "HTTP/1.1 200 OK"
2026-03-19 09:49:13,868 [SpeakBot] HTTP Request: POST https://api.telegram.org/bot8625727121:AAGlC1lSvGsE8jpj2F8FTc7Hpc4cB0rgRt0/getUpdates "HTTP/1.1 200 OK"
2026-03-19 09:49:23,993 [SpeakBot] HTTP Request: POST https://api.telegram.org/bot8625727121:AAGlC1lSvGsE8jpj2F8FTc7Hpc4cB0rgRt0/getUpdates "HTTP/1.1 200 OK"
2026-03-19 09:49:34,185 [SpeakBot] HTTP Request: POST https://api.telegram.org/bot8625727121:AAGlC1lSvGsE8jpj2F8FTc7Hpc4cB0rgRt0/getUpdates "HTTP/1.1 200 OK"
2026-03-19 09:49:44,302 [SpeakBot] HTTP Request: POST https://api.telegram.org/bot8625727121:AAGlC1lSvGsE8jpj2F8FTc7Hpc4cB0rgRt0/getUpdates "HTTP/1.1 200 OK"
2026-03-19 09:49:54,422 [SpeakBot] HTTP Request: POST https://api.telegram.org/bot8625727121:AAGlC1lSvGsE8jpj2F8FTc7Hpc4cB0rgRt0/getUpdates "HTTP/1.1 200 OK"
2026-03-19 09:50:04,598 [SpeakBot] HTTP Request: POST https://api.telegram.org/bot8625727121:AAGlC1lSvGsE8jpj2F8FTc7Hpc4cB0rgRt0/getUpdates "HTTP/1.1 200 OK"
2026-03-19 09:50:14,714 [SpeakBot] HTTP Request: POST https://api.telegram.org/bot8625727121:AAGlC1lSvGsE8jpj2F8FTc7Hpc4cB0rgRt0/getUpdates "HTTP/1.1 200 OK"
2026-03-19 09:50:24,830 [SpeakBot] HTTP Request: POST https://api.telegram.org/bot8625727121:AAGlC1lSvGsE8jpj2F8FTc7Hpc4cB0rgRt0/getUpdates "HTTP/1.1 200 OK"
2026-03-19 09:50:35,154 [SpeakBot] HTTP Request: POST https://api.telegram.org/bot8625727121:AAGlC1lSvGsE8jpj2F8FTc7Hpc4cB0rgRt0/getUpdates "HTTP/1.1 200 OK"
2026-03-19 09:50:45,263 [SpeakBot] HTTP Request: POST https://api.telegram.org/bot8625727121:AAGlC1lSvGsE8jpj2F8FTc7Hpc4cB0rgRt0/getUpdates "HTTP/1.1 200 OK"
2026-03-19 09:50:55,400 [SpeakBot] HTTP Request: POST https://api.telegram.org/bot8625727121:AAGlC1lSvGsE8jpj2F8FTc7Hpc4cB0rgRt0/getUpdates "HTTP/1.1 200 OK"
2026-03-19 09:51:05,524 [SpeakBot] HTTP Request: POST https://api.telegram.org/bot8625727121:AAGlC1lSvGsE8jpj2F8FTc7Hpc4cB0rgRt0/getUpdates "HTTP/1.1 200 OK"
2026-03-19 09:51:17,184 [SpeakBot] HTTP Request: POST https://api.telegram.org/bot8625727121:AAGlC1lSvGsE8jpj2F8FTc7Hpc4cB0rgRt0/getMe "HTTP/1.1 200 OK"
2026-03-19 09:51:17,185 [SpeakBot] Application started
2026-03-19 09:51:17,289 [SpeakBot] HTTP Request: POST https://api.telegram.org/bot8625727121:AAGlC1lSvGsE8jpj2F8FTc7Hpc4cB0rgRt0/deleteWebhook "HTTP/1.1 200 OK"
2026-03-19 09:51:17,289 [SpeakBot] ✅ @SpeakBetterrbot онлайн
2026-03-19 09:51:27,620 [SpeakBot] HTTP Request: POST https://api.telegram.org/bot8625727121:AAGlC1lSvGsE8jpj2F8FTc7Hpc4cB0rgRt0/getUpdates "HTTP/1.1 200 OK"
2026-03-19 09:51:37,735 [SpeakBot] HTTP Request: POST https://api.telegram.org/bot8625727121:AAGlC1lSvGsE8jpj2F8FTc7Hpc4cB0rgRt0/getUpdates "HTTP/1.1 200 OK"
2026-03-19 09:51:47,855 [SpeakBot] HTTP Request: POST https://api.telegram.org/bot8625727121:AAGlC1lSvGsE8jpj2F8FTc7Hpc4cB0rgRt0/getUpdates "HTTP/1.1 200 OK"
2026-03-19 09:51:57,969 [SpeakBot] HTTP Request: POST https://api.telegram.org/bot8625727121:AAGlC1lSvGsE8jpj2F8FTc7Hpc4cB0rgRt0/getUpdates "HTTP/1.1 200 OK"
2026-03-19 09:52:08,094 [SpeakBot] HTTP Request: POST https://api.telegram.org/bot8625727121:AAGlC1lSvGsE8jpj2F8FTc7Hpc4cB0rgRt0/getUpdates "HTTP/1.1 200 OK"
2026-03-19 09:52:18,430 [SpeakBot] HTTP Request: POST https://api.telegram.org/bot8625727121:AAGlC1lSvGsE8jpj2F8FTc7Hpc4cB0rgRt0/getUpdates "HTTP/1.1 200 OK"
2026-03-19 09:52:28,544 [SpeakBot] HTTP Request: POST https://api.telegram.org/bot8625727121:AAGlC1lSvGsE8jpj2F8FTc7Hpc4cB0rgRt0/getUpdates "HTTP/1.1 200 OK"
2026-03-19 09:52:38,726 [SpeakBot] HTTP Request: POST https://api.telegram.org/bot8625727121:AAGlC1lSvGsE8jpj2F8FTc7Hpc4cB0rgRt0/getUpdates "HTTP/1.1 200 OK"
2026-03-19 09:52:48,862 [SpeakBot] HTTP Request: POST https://api.telegram.org/bot8625727121:AAGlC1lSvGsE8jpj2F8FTc7Hpc4cB0rgRt0/getUpdates "HTTP/1.1 200 OK"
2026-03-19 09:52:58,987 [SpeakBot] HTTP Request: POST https://api.telegram.org/bot8625727121:AAGlC1lSvGsE8jpj2F8FTc7Hpc4cB0rgRt0/getUpdates "HTTP/1.1 200 OK"
2026-03-19 09:53:09,099 [SpeakBot] HTTP Request: POST https://api.telegram.org/bot8625727121:AAGlC1lSvGsE8jpj2F8FTc7Hpc4cB0rgRt0/getUpdates "HTTP/1.1 200 OK"
2026-03-19 09:53:19,280 [SpeakBot] HTTP Request: POST https://api.telegram.org/bot8625727121:AAGlC1lSvGsE8jpj2F8FTc7Hpc4cB0rgRt0/getUpdates "HTTP/1.1 200 OK"
2026-03-19 09:53:29,513 [SpeakBot] HTTP Request: POST https://api.telegram.org/bot8625727121:AAGlC1lSvGsE8jpj2F8FTc7Hpc4cB0rgRt0/getUpdates "HTTP/1.1 200 OK"
2026-03-19 09:53:39,626 [SpeakBot] HTTP Request: POST https://api.telegram.org/bot8625727121:AAGlC1lSvGsE8jpj2F8FTc7Hpc4cB0rgRt0/getUpdates "HTTP/1.1 200 OK"
2026-03-19 09:53:49,764 [SpeakBot] HTTP Request: POST https://api.telegram.org/bot8625727121:AAGlC1lSvGsE8jpj2F8FTc7Hpc4cB0rgRt0/getUpdates "HTTP/1.1 200 OK"
2026-03-19 09:53:59,883 [SpeakBot] HTTP Request: POST https://api.telegram.org/bot8625727121:AAGlC1lSvGsE8jpj2F8FTc7Hpc4cB0rgRt0/getUpdates "HTTP/1.1 200 OK"
2026-03-19 09:54:09,992 [SpeakBot] HTTP Request: POST https://api.telegram.org/bot8625727121:AAGlC1lSvGsE8jpj2F8FTc7Hpc4cB0rgRt0/getUpdates "HTTP/1.1 200 OK"
2026-03-19 09:54:20,125 [SpeakBot] HTTP Request: POST https://api.telegram.org/bot8625727121:AAGlC1lSvGsE8jpj2F8FTc7Hpc4cB0rgRt0/getUpdates "HTTP/1.1 200 OK"
2026-03-19 09:54:30,251 [SpeakBot] HTTP Request: POST https://api.telegram.org/bot8625727121:AAGlC1lSvGsE8jpj2F8FTc7Hpc4cB0rgRt0/getUpdates "HTTP/1.1 200 OK"
2026-03-19 09:54:40,459 [SpeakBot] HTTP Request: POST https://api.telegram.org/bot8625727121:AAGlC1lSvGsE8jpj2F8FTc7Hpc4cB0rgRt0/getUpdates "HTTP/1.1 200 OK"
2026-03-19 09:54:50,572 [SpeakBot] HTTP Request: POST https://api.telegram.org/bot8625727121:AAGlC1lSvGsE8jpj2F8FTc7Hpc4cB0rgRt0/getUpdates "HTTP/1.1 200 OK"
2026-03-19 09:55:00,737 [SpeakBot] HTTP Request: POST https://api.telegram.org/bot8625727121:AAGlC1lSvGsE8jpj2F8FTc7Hpc4cB0rgRt0/getUpdates "HTTP/1.1 200 OK"
2026-03-19 09:55:10,877 [SpeakBot] HTTP Request: POST https://api.telegram.org/bot8625727121:AAGlC1lSvGsE8jpj2F8FTc7Hpc4cB0rgRt0/getUpdates "HTTP/1.1 200 OK"
2026-03-19 09:55:21,061 [SpeakBot] HTTP Request: POST https://api.telegram.org/bot8625727121:AAGlC1lSvGsE8jpj2F8FTc7Hpc4cB0rgRt0/getUpdates "HTTP/1.1 200 OK"
2026-03-19 09:55:31,273 [SpeakBot] HTTP Request: POST https://api.telegram.org/bot8625727121:AAGlC1lSvGsE8jpj2F8FTc7Hpc4cB0rgRt0/getUpdates "HTTP/1.1 200 OK"
2026-03-19 09:55:41,400 [SpeakBot] HTTP Request: POST https://api.telegram.org/bot8625727121:AAGlC1lSvGsE8jpj2F8FTc7Hpc4cB0rgRt0/getUpdates "HTTP/1.1 200 OK"
2026-03-19 09:55:51,523 [SpeakBot] HTTP Request: POST https://api.telegram.org/bot8625727121:AAGlC1lSvGsE8jpj2F8FTc7Hpc4cB0rgRt0/getUpdates "HTTP/1.1 200 OK"
2026-03-19 09:56:01,637 [SpeakBot] HTTP Request: POST https://api.telegram.org/bot8625727121:AAGlC1lSvGsE8jpj2F8FTc7Hpc4cB0rgRt0/getUpdates "HTTP/1.1 200 OK"
2026-03-19 09:56:11,744 [SpeakBot] HTTP Request: POST https://api.telegram.org/bot8625727121:AAGlC1lSvGsE8jpj2F8FTc7Hpc4cB0rgRt0/getUpdates "HTTP/1.1 200 OK"
2026-03-19 09:56:21,852 [SpeakBot] HTTP Request: POST https://api.telegram.org/bot8625727121:AAGlC1lSvGsE8jpj2F8FTc7Hpc4cB0rgRt0/getUpdates "HTTP/1.1 200 OK"
2026-03-19 09:56:31,969 [SpeakBot] HTTP Request: POST https://api.telegram.org/bot8625727121:AAGlC1lSvGsE8jpj2F8FTc7Hpc4cB0rgRt0/getUpdates "HTTP/1.1 200 OK"
2026-03-19 09:56:42,111 [SpeakBot] HTTP Request: POST https://api.telegram.org/bot8625727121:AAGlC1lSvGsE8jpj2F8FTc7Hpc4cB0rgRt0/getUpdates "HTTP/1.1 200 OK"
2026-03-19 09:56:52,229 [SpeakBot] HTTP Request: POST https://api.telegram.org/bot8625727121:AAGlC1lSvGsE8jpj2F8FTc7Hpc4cB0rgRt0/getUpdates "HTTP/1.1 200 OK"
2026-03-19 09:57:02,344 [SpeakBot] HTTP Request: POST https://api.telegram.org/bot8625727121:AAGlC1lSvGsE8jpj2F8FTc7Hpc4cB0rgRt0/getUpdates "HTTP/1.1 200 OK"
2026-03-19 09:57:12,576 [SpeakBot] HTTP Request: POST https://api.telegram.org/bot8625727121:AAGlC1lSvGsE8jpj2F8FTc7Hpc4cB0rgRt0/getUpdates "HTTP/1.1 200 OK"
2026-03-19 09:57:22,765 [SpeakBot] HTTP Request: POST https://api.telegram.org/bot8625727121:AAGlC1lSvGsE8jpj2F8FTc7Hpc4cB0rgRt0/getUpdates "HTTP/1.1 200 OK"
2026-03-19 09:57:32,876 [SpeakBot] HTTP Request: POST https://api.telegram.org/bot8625727121:AAGlC1lSvGsE8jpj2F8FTc7Hpc4cB0rgRt0/getUpdates "HTTP/1.1 200 OK"
2026-03-19 09:57:42,983 [SpeakBot] HTTP Request: POST https://api.telegram.org/bot8625727121:AAGlC1lSvGsE8jpj2F8FTc7Hpc4cB0rgRt0/getUpdates "HTTP/1.1 200 OK"
2026-03-19 09:57:53,178 [SpeakBot] HTTP Request: POST https://api.telegram.org/bot8625727121:AAGlC1lSvGsE8jpj2F8FTc7Hpc4cB0rgRt0/getUpdates "HTTP/1.1 200 OK"
2026-03-19 09:58:03,306 [SpeakBot] HTTP Request: POST https://api.telegram.org/bot8625727121:AAGlC1lSvGsE8jpj2F8FTc7Hpc4cB0rgRt0/getUpdates "HTTP/1.1 200 OK"
2026-03-19 09:58:13,420 [SpeakBot] HTTP Request: POST https://api.telegram.org/bot8625727121:AAGlC1lSvGsE8jpj2F8FTc7Hpc4cB0rgRt0/getUpdates "HTTP/1.1 200 OK"
2026-03-19 09:58:23,534 [SpeakBot] HTTP Request: POST https://api.telegram.org/bot8625727121:AAGlC1lSvGsE8jpj2F8FTc7Hpc4cB0rgRt0/getUpdates "HTTP/1.1 200 OK"
2026-03-19 09:58:33,643 [SpeakBot] HTTP Request: POST https://api.telegram.org/bot8625727121:AAGlC1lSvGsE8jpj2F8FTc7Hpc4cB0rgRt0/getUpdates "HTTP/1.1 200 OK"
2026-03-19 09:58:43,863 [SpeakBot] HTTP Request: POST https://api.telegram.org/bot8625727121:AAGlC1lSvGsE8jpj2F8FTc7Hpc4cB0rgRt0/getUpdates "HTTP/1.1 200 OK"
2026-03-19 09:58:53,984 [SpeakBot] HTTP Request: POST https://api.telegram.org/bot8625727121:AAGlC1lSvGsE8jpj2F8FTc7Hpc4cB0rgRt0/getUpdates "HTTP/1.1 200 OK"
2026-03-19 09:59:04,138 [SpeakBot] HTTP Request: POST https://api.telegram.org/bot8625727121:AAGlC1lSvGsE8jpj2F8FTc7Hpc4cB0rgRt0/getUpdates "HTTP/1.1 200 OK"
2026-03-19 09:59:14,263 [SpeakBot] HTTP Request: POST https://api.telegram.org/bot8625727121:AAGlC1lSvGsE8jpj2F8FTc7Hpc4cB0rgRt0/getUpdates "HTTP/1.1 200 OK"
2026-03-19 09:59:24,412 [SpeakBot] HTTP Request: POST https://api.telegram.org/bot8625727121:AAGlC1lSvGsE8jpj2F8FTc7Hpc4cB0rgRt0/getUpdates "HTTP/1.1 200 OK"
2026-03-19 09:59:34,550 [SpeakBot] HTTP Request: POST https://api.telegram.org/bot8625727121:AAGlC1lSvGsE8jpj2F8FTc7Hpc4cB0rgRt0/getUpdates "HTTP/1.1 200 OK"
2026-03-19 09:59:44,686 [SpeakBot] HTTP Request: POST https://api.telegram.org/bot8625727121:AAGlC1lSvGsE8jpj2F8FTc7Hpc4cB0rgRt0/getUpdates "HTTP/1.1 200 OK"
2026-03-19 09:59:54,834 [SpeakBot] HTTP Request: POST https://api.telegram.org/bot8625727121:AAGlC1lSvGsE8jpj2F8FTc7Hpc4cB0rgRt0/getUpdates "HTTP/1.1 200 OK"
2026-03-19 10:00:04,969 [SpeakBot] HTTP Request: POST https://api.telegram.org/bot8625727121:AAGlC1lSvGsE8jpj2F8FTc7Hpc4cB0rgRt0/getUpdates "HTTP/1.1 200 OK"
2026-03-19 10:00:15,089 [SpeakBot] HTTP Request: POST https://api.telegram.org/bot8625727121:AAGlC1lSvGsE8jpj2F8FTc7Hpc4cB0rgRt0/getUpdates "HTTP/1.1 200 OK"
2026-03-19 10:00:25,252 [SpeakBot] HTTP Request: POST https://api.telegram.org/bot8625727121:AAGlC1lSvGsE8jpj2F8FTc7Hpc4cB0rgRt0/getUpdates "HTTP/1.1 200 OK"
2026-03-19 10:00:35,367 [SpeakBot] HTTP Request: POST https://api.telegram.org/bot8625727121:AAGlC1lSvGsE8jpj2F8FTc7Hpc4cB0rgRt0/getUpdates "HTTP/1.1 200 OK"
2026-03-19 10:00:45,634 [SpeakBot] HTTP Request: POST https://api.telegram.org/bot8625727121:AAGlC1lSvGsE8jpj2F8FTc7Hpc4cB0rgRt0/getUpdates "HTTP/1.1 200 OK"
2026-03-19 10:00:55,855 [SpeakBot] HTTP Request: POST https://api.telegram.org/bot8625727121:AAGlC1lSvGsE8jpj2F8FTc7Hpc4cB0rgRt0/getUpdates "HTTP/1.1 200 OK"
2026-03-19 10:01:05,966 [SpeakBot] HTTP Request: POST https://api.telegram.org/bot8625727121:AAGlC1lSvGsE8jpj2F8FTc7Hpc4cB0rgRt0/getUpdates "HTTP/1.1 200 OK"
2026-03-19 10:01:16,079 [SpeakBot] HTTP Request: POST https://api.telegram.org/bot8625727121:AAGlC1lSvGsE8jpj2F8FTc7Hpc4cB0rgRt0/getUpdates "HTTP/1.1 200 OK"
2026-03-19 10:01:26,267 [SpeakBot] HTTP Request: POST https://api.telegram.org/bot8625727121:AAGlC1lSvGsE8jpj2F8FTc7Hpc4cB0rgRt0/getUpdates "HTTP/1.1 200 OK"
2026-03-19 10:01:36,378 [SpeakBot] HTTP Request: POST https://api.telegram.org/bot8625727121:AAGlC1lSvGsE8jpj2F8FTc7Hpc4cB0rgRt0/getUpdates "HTTP/1.1 200 OK"
2026-03-19 10:01:46,540 [SpeakBot] HTTP Request: POST https://api.telegram.org/bot8625727121:AAGlC1lSvGsE8jpj2F8FTc7Hpc4cB0rgRt0/getUpdates "HTTP/1.1 200 OK"
2026-03-19 10:01:56,690 [SpeakBot] HTTP Request: POST https://api.telegram.org/bot8625727121:AAGlC1lSvGsE8jpj2F8FTc7Hpc4cB0rgRt0/getUpdates "HTTP/1.1 200 OK"
2026-03-19 10:02:06,817 [SpeakBot] HTTP Request: POST https://api.telegram.org/bot8625727121:AAGlC1lSvGsE8jpj2F8FTc7Hpc4cB0rgRt0/getUpdates "HTTP/1.1 200 OK"
2026-03-19 10:02:16,956 [SpeakBot] HTTP Request: POST https://api.telegram.org/bot8625727121:AAGlC1lSvGsE8jpj2F8FTc7Hpc4cB0rgRt0/getUpdates "HTTP/1.1 200 OK"
2026-03-19 10:02:27,065 [SpeakBot] HTTP Request: POST https://api.telegram.org/bot8625727121:AAGlC1lSvGsE8jpj2F8FTc7Hpc4cB0rgRt0/getUpdates "HTTP/1.1 200 OK"
2026-03-19 10:02:37,191 [SpeakBot] HTTP Request: POST https://api.telegram.org/bot8625727121:AAGlC1lSvGsE8jpj2F8FTc7Hpc4cB0rgRt0/getUpdates "HTTP/1.1 200 OK"
2026-03-19 10:02:47,367 [SpeakBot] HTTP Request: POST https://api.telegram.org/bot8625727121:AAGlC1lSvGsE8jpj2F8FTc7Hpc4cB0rgRt0/getUpdates "HTTP/1.1 200 OK"
2026-03-19 10:02:57,499 [SpeakBot] HTTP Request: POST https://api.telegram.org/bot8625727121:AAGlC1lSvGsE8jpj2F8FTc7Hpc4cB0rgRt0/getUpdates "HTTP/1.1 200 OK"
2026-03-19 10:03:07,662 [SpeakBot] HTTP Request: POST https://api.telegram.org/bot8625727121:AAGlC1lSvGsE8jpj2F8FTc7Hpc4cB0rgRt0/getUpdates "HTTP/1.1 200 OK"
2026-03-19 10:03:17,893 [SpeakBot] HTTP Request: POST https://api.telegram.org/bot8625727121:AAGlC1lSvGsE8jpj2F8FTc7Hpc4cB0rgRt0/getUpdates "HTTP/1.1 200 OK"
2026-03-19 10:03:28,007 [SpeakBot] HTTP Request: POST https://api.telegram.org/bot8625727121:AAGlC1lSvGsE8jpj2F8FTc7Hpc4cB0rgRt0/getUpdates "HTTP/1.1 200 OK"
2026-03-19 10:03:38,122 [SpeakBot] HTTP Request: POST https://api.telegram.org/bot8625727121:AAGlC1lSvGsE8jpj2F8FTc7Hpc4cB0rgRt0/getUpdates "HTTP/1.1 200 OK"
2026-03-19 10:03:48,251 [SpeakBot] HTTP Request: POST https://api.telegram.org/bot8625727121:AAGlC1lSvGsE8jpj2F8FTc7Hpc4cB0rgRt0/getUpdates "HTTP/1.1 200 OK"
2026-03-19 10:03:58,415 [SpeakBot] HTTP Request: POST https://api.telegram.org/bot8625727121:AAGlC1lSvGsE8jpj2F8FTc7Hpc4cB0rgRt0/getUpdates "HTTP/1.1 200 OK"
2026-03-19 10:04:08,534 [SpeakBot] HTTP Request: POST https://api.telegram.org/bot8625727121:AAGlC1lSvGsE8jpj2F8FTc7Hpc4cB0rgRt0/getUpdates "HTTP/1.1 200 OK"
2026-03-19 10:04:18,707 [SpeakBot] HTTP Request: POST https://api.telegram.org/bot8625727121:AAGlC1lSvGsE8jpj2F8FTc7Hpc4cB0rgRt0/getUpdates "HTTP/1.1 200 OK"
2026-03-19 10:04:28,821 [SpeakBot] HTTP Request: POST https://api.telegram.org/bot8625727121:AAGlC1lSvGsE8jpj2F8FTc7Hpc4cB0rgRt0/getUpdates "HTTP/1.1 200 OK"
2026-03-19 10:04:38,946 [SpeakBot] HTTP Request: POST https://api.telegram.org/bot8625727121:AAGlC1lSvGsE8jpj2F8FTc7Hpc4cB0rgRt0/getUpdates "HTTP/1.1 200 OK"
2026-03-19 10:04:49,053 [SpeakBot] HTTP Request: POST https://api.telegram.org/bot8625727121:AAGlC1lSvGsE8jpj2F8FTc7Hpc4cB0rgRt0/getUpdates "HTTP/1.1 200 OK"
2026-03-19 10:04:59,260 [SpeakBot] HTTP Request: POST https://api.telegram.org/bot8625727121:AAGlC1lSvGsE8jpj2F8FTc7Hpc4cB0rgRt0/getUpdates "HTTP/1.1 200 OK"
2026-03-19 10:05:09,411 [SpeakBot] HTTP Request: POST https://api.telegram.org/bot8625727121:AAGlC1lSvGsE8jpj2F8FTc7Hpc4cB0rgRt0/getUpdates "HTTP/1.1 200 OK"
2026-03-19 10:05:19,632 [SpeakBot] HTTP Request: POST https://api.telegram.org/bot8625727121:AAGlC1lSvGsE8jpj2F8FTc7Hpc4cB0rgRt0/getUpdates "HTTP/1.1 200 OK"
2026-03-19 10:05:29,771 [SpeakBot] HTTP Request: POST https://api.telegram.org/bot8625727121:AAGlC1lSvGsE8jpj2F8FTc7Hpc4cB0rgRt0/getUpdates "HTTP/1.1 200 OK"
2026-03-19 10:05:39,910 [SpeakBot] HTTP Request: POST https://api.telegram.org/bot8625727121:AAGlC1lSvGsE8jpj2F8FTc7Hpc4cB0rgRt0/getUpdates "HTTP/1.1 200 OK"
2026-03-19 10:05:50,051 [SpeakBot] HTTP Request: POST https://api.telegram.org/bot8625727121:AAGlC1lSvGsE8jpj2F8FTc7Hpc4cB0rgRt0/getUpdates "HTTP/1.1 200 OK"
2026-03-19 10:06:00,171 [SpeakBot] HTTP Request: POST https://api.telegram.org/bot8625727121:AAGlC1lSvGsE8jpj2F8FTc7Hpc4cB0rgRt0/getUpdates "HTTP/1.1 200 OK"
2026-03-19 10:06:10,304 [SpeakBot] HTTP Request: POST https://api.telegram.org/bot8625727121:AAGlC1lSvGsE8jpj2F8FTc7Hpc4cB0rgRt0/getUpdates "HTTP/1.1 200 OK"
2026-03-19 10:06:20,563 [SpeakBot] HTTP Request: POST https://api.telegram.org/bot8625727121:AAGlC1lSvGsE8jpj2F8FTc7Hpc4cB0rgRt0/getUpdates "HTTP/1.1 200 OK"
2026-03-19 10:06:30,680 [SpeakBot] HTTP Request: POST https://api.telegram.org/bot8625727121:AAGlC1lSvGsE8jpj2F8FTc7Hpc4cB0rgRt0/getUpdates "HTTP/1.1 200 OK"
2026-03-19 10:06:40,836 [SpeakBot] HTTP Request: POST https://api.telegram.org/bot8625727121:AAGlC1lSvGsE8jpj2F8FTc7Hpc4cB0rgRt0/getUpdates "HTTP/1.1 200 OK"
2026-03-19 10:06:50,948 [SpeakBot] HTTP Request: POST https://api.telegram.org/bot8625727121:AAGlC1lSvGsE8jpj2F8FTc7Hpc4cB0rgRt0/getUpdates "HTTP/1.1 200 OK"
2026-03-19 10:07:01,102 [SpeakBot] HTTP Request: POST https://api.telegram.org/bot8625727121:AAGlC1lSvGsE8jpj2F8FTc7Hpc4cB0rgRt0/getUpdates "HTTP/1.1 200 OK"
2026-03-19 10:07:11,256 [SpeakBot] HTTP Request: POST https://api.telegram.org/bot8625727121:AAGlC1lSvGsE8jpj2F8FTc7Hpc4cB0rgRt0/getUpdates "HTTP/1.1 200 OK"
2026-03-19 10:07:21,801 [SpeakBot] HTTP Request: POST https://api.telegram.org/bot8625727121:AAGlC1lSvGsE8jpj2F8FTc7Hpc4cB0rgRt0/getUpdates "HTTP/1.1 200 OK"
2026-03-19 10:07:31,943 [SpeakBot] HTTP Request: POST https://api.telegram.org/bot8625727121:AAGlC1lSvGsE8jpj2F8FTc7Hpc4cB0rgRt0/getUpdates "HTTP/1.1 200 OK"
2026-03-19 10:07:42,059 [SpeakBot] HTTP Request: POST https://api.telegram.org/bot8625727121:AAGlC1lSvGsE8jpj2F8FTc7Hpc4cB0rgRt0/getUpdates "HTTP/1.1 200 OK"
2026-03-19 10:07:52,163 [SpeakBot] HTTP Request: POST https://api.telegram.org/bot8625727121:AAGlC1lSvGsE8jpj2F8FTc7Hpc4cB0rgRt0/getUpdates "HTTP/1.1 200 OK"
2026-03-19 10:08:02,276 [SpeakBot] HTTP Request: POST https://api.telegram.org/bot8625727121:AAGlC1lSvGsE8jpj2F8FTc7Hpc4cB0rgRt0/getUpdates "HTTP/1.1 200 OK"
2026-03-19 10:08:12,398 [SpeakBot] HTTP Request: POST https://api.telegram.org/bot8625727121:AAGlC1lSvGsE8jpj2F8FTc7Hpc4cB0rgRt0/getUpdates "HTTP/1.1 200 OK"
2026-03-19 10:08:22,744 [SpeakBot] HTTP Request: POST https://api.telegram.org/bot8625727121:AAGlC1lSvGsE8jpj2F8FTc7Hpc4cB0rgRt0/getUpdates "HTTP/1.1 200 OK"
2026-03-19 10:08:32,977 [SpeakBot] HTTP Request: POST https://api.telegram.org/bot8625727121:AAGlC1lSvGsE8jpj2F8FTc7Hpc4cB0rgRt0/getUpdates "HTTP/1.1 200 OK"
2026-03-19 10:08:43,119 [SpeakBot] HTTP Request: POST https://api.telegram.org/bot8625727121:AAGlC1lSvGsE8jpj2F8FTc7Hpc4cB0rgRt0/getUpdates "HTTP/1.1 200 OK"
2026-03-19 10:08:53,233 [SpeakBot] HTTP Request: POST https://api.telegram.org/bot8625727121:AAGlC1lSvGsE8jpj2F8FTc7Hpc4cB0rgRt0/getUpdates "HTTP/1.1 200 OK"
2026-03-19 10:09:03,365 [SpeakBot] HTTP Request: POST https://api.telegram.org/bot8625727121:AAGlC1lSvGsE8jpj2F8FTc7Hpc4cB0rgRt0/getUpdates "HTTP/1.1 200 OK"
2026-03-19 10:09:13,504 [SpeakBot] HTTP Request: POST https://api.telegram.org/bot8625727121:AAGlC1lSvGsE8jpj2F8FTc7Hpc4cB0rgRt0/getUpdates "HTTP/1.1 200 OK"
2026-03-19 10:09:23,633 [SpeakBot] HTTP Request: POST https://api.telegram.org/bot8625727121:AAGlC1lSvGsE8jpj2F8FTc7Hpc4cB0rgRt0/getUpdates "HTTP/1.1 200 OK"
2026-03-19 10:09:33,880 [SpeakBot] HTTP Request: POST https://api.telegram.org/bot8625727121:AAGlC1lSvGsE8jpj2F8FTc7Hpc4cB0rgRt0/getUpdates "HTTP/1.1 200 OK"
2026-03-19 10:09:44,018 [SpeakBot] HTTP Request: POST https://api.telegram.org/bot8625727121:AAGlC1lSvGsE8jpj2F8FTc7Hpc4cB0rgRt0/getUpdates "HTTP/1.1 200 OK"
2026-03-19 10:09:54,160 [SpeakBot] HTTP Request: POST https://api.telegram.org/bot8625727121:AAGlC1lSvGsE8jpj2F8FTc7Hpc4cB0rgRt0/getUpdates "HTTP/1.1 200 OK"
2026-03-19 10:10:04,270 [SpeakBot] HTTP Request: POST https://api.telegram.org/bot8625727121:AAGlC1lSvGsE8jpj2F8FTc7Hpc4cB0rgRt0/getUpdates "HTTP/1.1 200 OK"
2026-03-19 10:10:14,433 [SpeakBot] HTTP Request: POST https://api.telegram.org/bot8625727121:AAGlC1lSvGsE8jpj2F8FTc7Hpc4cB0rgRt0/getUpdates "HTTP/1.1 200 OK"
2026-03-19 10:10:24,685 [SpeakBot] HTTP Request: POST https://api.telegram.org/bot8625727121:AAGlC1lSvGsE8jpj2F8FTc7Hpc4cB0rgRt0/getUpdates "HTTP/1.1 200 OK"
2026-03-19 10:10:34,819 [SpeakBot] HTTP Request: POST https://api.telegram.org/bot8625727121:AAGlC1lSvGsE8jpj2F8FTc7Hpc4cB0rgRt0/getUpdates "HTTP/1.1 200 OK"
2026-03-19 10:10:44,938 [SpeakBot] HTTP Request: POST https://api.telegram.org/bot8625727121:AAGlC1lSvGsE8jpj2F8FTc7Hpc4cB0rgRt0/getUpdates "HTTP/1.1 200 OK"
2026-03-19 10:10:55,068 [SpeakBot] HTTP Request: POST https://api.telegram.org/bot8625727121:AAGlC1lSvGsE8jpj2F8FTc7Hpc4cB0rgRt0/getUpdates "HTTP/1.1 200 OK"
2026-03-19 10:11:05,222 [SpeakBot] HTTP Request: POST https://api.telegram.org/bot8625727121:AAGlC1lSvGsE8jpj2F8FTc7Hpc4cB0rgRt0/getUpdates "HTTP/1.1 200 OK"
2026-03-19 10:11:15,335 [SpeakBot] HTTP Request: POST https://api.telegram.org/bot8625727121:AAGlC1lSvGsE8jpj2F8FTc7Hpc4cB0rgRt0/getUpdates "HTTP/1.1 200 OK"
2026-03-19 10:11:25,494 [SpeakBot] HTTP Request: POST https://api.telegram.org/bot8625727121:AAGlC1lSvGsE8jpj2F8FTc7Hpc4cB0rgRt0/getUpdates "HTTP/1.1 200 OK"
2026-03-19 10:11:35,634 [SpeakBot] HTTP Request: POST https://api.telegram.org/bot8625727121:AAGlC1lSvGsE8jpj2F8FTc7Hpc4cB0rgRt0/getUpdates "HTTP/1.1 200 OK"
2026-03-19 10:11:45,770 [SpeakBot] HTTP Request: POST https://api.telegram.org/bot8625727121:AAGlC1lSvGsE8jpj2F8FTc7Hpc4cB0rgRt0/getUpdates "HTTP/1.1 200 OK"
2026-03-19 10:11:55,949 [SpeakBot] HTTP Request: POST https://api.telegram.org/bot8625727121:AAGlC1lSvGsE8jpj2F8FTc7Hpc4cB0rgRt0/getUpdates "HTTP/1.1 200 OK"
2026-03-19 10:12:06,129 [SpeakBot] HTTP Request: POST https://api.telegram.org/bot8625727121:AAGlC1lSvGsE8jpj2F8FTc7Hpc4cB0rgRt0/getUpdates "HTTP/1.1 200 OK"
2026-03-19 10:12:16,253 [SpeakBot] HTTP Request: POST https://api.telegram.org/bot8625727121:AAGlC1lSvGsE8jpj2F8FTc7Hpc4cB0rgRt0/getUpdates "HTTP/1.1 200 OK"
2026-03-19 10:12:26,363 [SpeakBot] HTTP Request: POST https://api.telegram.org/bot8625727121:AAGlC1lSvGsE8jpj2F8FTc7Hpc4cB0rgRt0/getUpdates "HTTP/1.1 200 OK"
2026-03-19 10:12:36,474 [SpeakBot] HTTP Request: POST https://api.telegram.org/bot8625727121:AAGlC1lSvGsE8jpj2F8FTc7Hpc4cB0rgRt0/getUpdates "HTTP/1.1 200 OK"
2026-03-19 10:12:46,585 [SpeakBot] HTTP Request: POST https://api.telegram.org/bot8625727121:AAGlC1lSvGsE8jpj2F8FTc7Hpc4cB0rgRt0/getUpdates "HTTP/1.1 200 OK"
2026-03-19 10:12:56,698 [SpeakBot] HTTP Request: POST https://api.telegram.org/bot8625727121:AAGlC1lSvGsE8jpj2F8FTc7Hpc4cB0rgRt0/getUpdates "HTTP/1.1 200 OK"
2026-03-19 10:13:06,847 [SpeakBot] HTTP Request: POST https://api.telegram.org/bot8625727121:AAGlC1lSvGsE8jpj2F8FTc7Hpc4cB0rgRt0/getUpdates "HTTP/1.1 200 OK"
2026-03-19 10:13:16,978 [SpeakBot] HTTP Request: POST https://api.telegram.org/bot8625727121:AAGlC1lSvGsE8jpj2F8FTc7Hpc4cB0rgRt0/getUpdates "HTTP/1.1 200 OK"
2026-03-19 10:13:27,119 [SpeakBot] HTTP Request: POST https://api.telegram.org/bot8625727121:AAGlC1lSvGsE8jpj2F8FTc7Hpc4cB0rgRt0/getUpdates "HTTP/1.1 200 OK"
2026-03-19 10:13:37,238 [SpeakBot] HTTP Request: POST https://api.telegram.org/bot8625727121:AAGlC1lSvGsE8jpj2F8FTc7Hpc4cB0rgRt0/getUpdates "HTTP/1.1 200 OK"
2026-03-19 10:13:47,398 [SpeakBot] HTTP Request: POST https://api.telegram.org/bot8625727121:AAGlC1lSvGsE8jpj2F8FTc7Hpc4cB0rgRt0/getUpdates "HTTP/1.1 200 OK"
2026-03-19 10:13:57,515 [SpeakBot] HTTP Request: POST https://api.telegram.org/bot8625727121:AAGlC1lSvGsE8jpj2F8FTc7Hpc4cB0rgRt0/getUpdates "HTTP/1.1 200 OK"
2026-03-19 10:14:07,666 [SpeakBot] HTTP Request: POST https://api.telegram.org/bot8625727121:AAGlC1lSvGsE8jpj2F8FTc7Hpc4cB0rgRt0/getUpdates "HTTP/1.1 200 OK"
2026-03-19 10:14:17,798 [SpeakBot] HTTP Request: POST https://api.telegram.org/bot8625727121:AAGlC1lSvGsE8jpj2F8FTc7Hpc4cB0rgRt0/getUpdates "HTTP/1.1 200 OK"
2026-03-19 10:14:27,910 [SpeakBot] HTTP Request: POST https://api.telegram.org/bot8625727121:AAGlC1lSvGsE8jpj2F8FTc7Hpc4cB0rgRt0/getUpdates "HTTP/1.1 200 OK"
2026-03-19 10:14:38,079 [SpeakBot] HTTP Request: POST https://api.telegram.org/bot8625727121:AAGlC1lSvGsE8jpj2F8FTc7Hpc4cB0rgRt0/getUpdates "HTTP/1.1 200 OK"
2026-03-19 10:14:48,324 [SpeakBot] HTTP Request: POST https://api.telegram.org/bot8625727121:AAGlC1lSvGsE8jpj2F8FTc7Hpc4cB0rgRt0/getUpdates "HTTP/1.1 200 OK"
2026-03-19 10:14:58,457 [SpeakBot] HTTP Request: POST https://api.telegram.org/bot8625727121:AAGlC1lSvGsE8jpj2F8FTc7Hpc4cB0rgRt0/getUpdates "HTTP/1.1 200 OK"
2026-03-19 10:15:08,587 [SpeakBot] HTTP Request: POST https://api.telegram.org/bot8625727121:AAGlC1lSvGsE8jpj2F8FTc7Hpc4cB0rgRt0/getUpdates "HTTP/1.1 200 OK"
2026-03-19 10:15:18,734 [SpeakBot] HTTP Request: POST https://api.telegram.org/bot8625727121:AAGlC1lSvGsE8jpj2F8FTc7Hpc4cB0rgRt0/getUpdates "HTTP/1.1 200 OK"
2026-03-19 10:15:28,854 [SpeakBot] HTTP Request: POST https://api.telegram.org/bot8625727121:AAGlC1lSvGsE8jpj2F8FTc7Hpc4cB0rgRt0/getUpdates "HTTP/1.1 200 OK"
2026-03-19 10:15:38,967 [SpeakBot] HTTP Request: POST https://api.telegram.org/bot8625727121:AAGlC1lSvGsE8jpj2F8FTc7Hpc4cB0rgRt0/getUpdates "HTTP/1.1 200 OK"
2026-03-19 10:15:49,078 [SpeakBot] HTTP Request: POST https://api.telegram.org/bot8625727121:AAGlC1lSvGsE8jpj2F8FTc7Hpc4cB0rgRt0/getUpdates "HTTP/1.1 200 OK"
2026-03-19 10:15:59,192 [SpeakBot] HTTP Request: POST https://api.telegram.org/bot8625727121:AAGlC1lSvGsE8jpj2F8FTc7Hpc4cB0rgRt0/getUpdates "HTTP/1.1 200 OK"
2026-03-19 10:16:09,308 [SpeakBot] HTTP Request: POST https://api.telegram.org/bot8625727121:AAGlC1lSvGsE8jpj2F8FTc7Hpc4cB0rgRt0/getUpdates "HTTP/1.1 200 OK"
2026-03-19 10:16:19,436 [SpeakBot] HTTP Request: POST https://api.telegram.org/bot8625727121:AAGlC1lSvGsE8jpj2F8FTc7Hpc4cB0rgRt0/getUpdates "HTTP/1.1 200 OK"
2026-03-19 10:16:29,586 [SpeakBot] HTTP Request: POST https://api.telegram.org/bot8625727121:AAGlC1lSvGsE8jpj2F8FTc7Hpc4cB0rgRt0/getUpdates "HTTP/1.1 200 OK"
2026-03-19 10:16:39,714 [SpeakBot] HTTP Request: POST https://api.telegram.org/bot8625727121:AAGlC1lSvGsE8jpj2F8FTc7Hpc4cB0rgRt0/getUpdates "HTTP/1.1 200 OK"
2026-03-19 10:16:49,835 [SpeakBot] HTTP Request: POST https://api.telegram.org/bot8625727121:AAGlC1lSvGsE8jpj2F8FTc7Hpc4cB0rgRt0/getUpdates "HTTP/1.1 200 OK"
2026-03-19 10:16:59,974 [SpeakBot] HTTP Request: POST https://api.telegram.org/bot8625727121:AAGlC1lSvGsE8jpj2F8FTc7Hpc4cB0rgRt0/getUpdates "HTTP/1.1 200 OK"
2026-03-19 10:17:10,107 [SpeakBot] HTTP Request: POST https://api.telegram.org/bot8625727121:AAGlC1lSvGsE8jpj2F8FTc7Hpc4cB0rgRt0/getUpdates "HTTP/1.1 200 OK"
2026-03-19 10:17:20,268 [SpeakBot] HTTP Request: POST https://api.telegram.org/bot8625727121:AAGlC1lSvGsE8jpj2F8FTc7Hpc4cB0rgRt0/getUpdates "HTTP/1.1 200 OK"
2026-03-19 10:17:30,417 [SpeakBot] HTTP Request: POST https://api.telegram.org/bot8625727121:AAGlC1lSvGsE8jpj2F8FTc7Hpc4cB0rgRt0/getUpdates "HTTP/1.1 200 OK"
2026-03-19 10:17:40,536 [SpeakBot] HTTP Request: POST https://api.telegram.org/bot8625727121:AAGlC1lSvGsE8jpj2F8FTc7Hpc4cB0rgRt0/getUpdates "HTTP/1.1 200 OK"
2026-03-19 10:17:50,651 [SpeakBot] HTTP Request: POST https://api.telegram.org/bot8625727121:AAGlC1lSvGsE8jpj2F8FTc7Hpc4cB0rgRt0/getUpdates "HTTP/1.1 200 OK"
2026-03-19 10:18:00,767 [SpeakBot] HTTP Request: POST https://api.telegram.org/bot8625727121:AAGlC1lSvGsE8jpj2F8FTc7Hpc4cB0rgRt0/getUpdates "HTTP/1.1 200 OK"
2026-03-19 10:18:10,900 [SpeakBot] HTTP Request: POST https://api.telegram.org/bot8625727121:AAGlC1lSvGsE8jpj2F8FTc7Hpc4cB0rgRt0/getUpdates "HTTP/1.1 200 OK"
2026-03-19 10:18:21,030 [SpeakBot] HTTP Request: POST https://api.telegram.org/bot8625727121:AAGlC1lSvGsE8jpj2F8FTc7Hpc4cB0rgRt0/getUpdates "HTTP/1.1 200 OK"
2026-03-19 10:18:31,147 [SpeakBot] HTTP Request: POST https://api.telegram.org/bot8625727121:AAGlC1lSvGsE8jpj2F8FTc7Hpc4cB0rgRt0/getUpdates "HTTP/1.1 200 OK"
2026-03-19 10:18:41,280 [SpeakBot] HTTP Request: POST https://api.telegram.org/bot8625727121:AAGlC1lSvGsE8jpj2F8FTc7Hpc4cB0rgRt0/getUpdates "HTTP/1.1 200 OK"
2026-03-19 10:18:51,395 [SpeakBot] HTTP Request: POST https://api.telegram.org/bot8625727121:AAGlC1lSvGsE8jpj2F8FTc7Hpc4cB0rgRt0/getUpdates "HTTP/1.1 200 OK"
2026-03-19 10:19:01,514 [SpeakBot] HTTP Request: POST https://api.telegram.org/bot8625727121:AAGlC1lSvGsE8jpj2F8FTc7Hpc4cB0rgRt0/getUpdates "HTTP/1.1 200 OK"
