2026-03-19 09:39:58,336 [Teacher] HTTP Request: POST https://api.telegram.org/bot8619703324:AAFm2FxZI5k-cIAd4eRnIR1mqutF-SUFjLc/getMe "HTTP/1.1 200 OK"
2026-03-19 09:39:58,337 [Teacher] Application started
2026-03-19 09:39:58,462 [Teacher] HTTP Request: POST https://api.telegram.org/bot8619703324:AAFm2FxZI5k-cIAd4eRnIR1mqutF-SUFjLc/deleteWebhook "HTTP/1.1 200 OK"
2026-03-19 09:39:58,463 [Teacher] ✅ @YourBrand_group_teacher_bot (Лекс) онлайн
2026-03-19 09:40:08,844 [Teacher] HTTP Request: POST https://api.telegram.org/bot8619703324:AAFm2FxZI5k-cIAd4eRnIR1mqutF-SUFjLc/getUpdates "HTTP/1.1 200 OK"
2026-03-19 09:40:18,997 [Teacher] HTTP Request: POST https://api.telegram.org/bot8619703324:AAFm2FxZI5k-cIAd4eRnIR1mqutF-SUFjLc/getUpdates "HTTP/1.1 200 OK"
2026-03-19 09:40:29,323 [Teacher] HTTP Request: POST https://api.telegram.org/bot8619703324:AAFm2FxZI5k-cIAd4eRnIR1mqutF-SUFjLc/getUpdates "HTTP/1.1 200 OK"
2026-03-19 09:40:39,431 [Teacher] HTTP Request: POST https://api.telegram.org/bot8619703324:AAFm2FxZI5k-cIAd4eRnIR1mqutF-SUFjLc/getUpdates "HTTP/1.1 200 OK"
2026-03-19 09:40:49,556 [Teacher] HTTP Request: POST https://api.telegram.org/bot8619703324:AAFm2FxZI5k-cIAd4eRnIR1mqutF-SUFjLc/getUpdates "HTTP/1.1 200 OK"
2026-03-19 09:40:59,726 [Teacher] HTTP Request: POST https://api.telegram.org/bot8619703324:AAFm2FxZI5k-cIAd4eRnIR1mqutF-SUFjLc/getUpdates "HTTP/1.1 200 OK"
2026-03-19 09:41:09,885 [Teacher] HTTP Request: POST https://api.telegram.org/bot8619703324:AAFm2FxZI5k-cIAd4eRnIR1mqutF-SUFjLc/getUpdates "HTTP/1.1 200 OK"
2026-03-19 09:41:20,105 [Teacher] HTTP Request: POST https://api.telegram.org/bot8619703324:AAFm2FxZI5k-cIAd4eRnIR1mqutF-SUFjLc/getUpdates "HTTP/1.1 200 OK"
2026-03-19 09:41:30,249 [Teacher] HTTP Request: POST https://api.telegram.org/bot8619703324:AAFm2FxZI5k-cIAd4eRnIR1mqutF-SUFjLc/getUpdates "HTTP/1.1 200 OK"
2026-03-19 09:41:40,385 [Teacher] HTTP Request: POST https://api.telegram.org/bot8619703324:AAFm2FxZI5k-cIAd4eRnIR1mqutF-SUFjLc/getUpdates "HTTP/1.1 200 OK"
2026-03-19 09:41:50,498 [Teacher] HTTP Request: POST https://api.telegram.org/bot8619703324:AAFm2FxZI5k-cIAd4eRnIR1mqutF-SUFjLc/getUpdates "HTTP/1.1 200 OK"
2026-03-19 09:42:00,612 [Teacher] HTTP Request: POST https://api.telegram.org/bot8619703324:AAFm2FxZI5k-cIAd4eRnIR1mqutF-SUFjLc/getUpdates "HTTP/1.1 200 OK"
2026-03-19 09:42:10,751 [Teacher] HTTP Request: POST https://api.telegram.org/bot8619703324:AAFm2FxZI5k-cIAd4eRnIR1mqutF-SUFjLc/getUpdates "HTTP/1.1 200 OK"
2026-03-19 09:42:20,889 [Teacher] HTTP Request: POST https://api.telegram.org/bot8619703324:AAFm2FxZI5k-cIAd4eRnIR1mqutF-SUFjLc/getUpdates "HTTP/1.1 200 OK"
2026-03-19 09:42:31,086 [Teacher] HTTP Request: POST https://api.telegram.org/bot8619703324:AAFm2FxZI5k-cIAd4eRnIR1mqutF-SUFjLc/getUpdates "HTTP/1.1 200 OK"
2026-03-19 09:42:41,326 [Teacher] HTTP Request: POST https://api.telegram.org/bot8619703324:AAFm2FxZI5k-cIAd4eRnIR1mqutF-SUFjLc/getUpdates "HTTP/1.1 200 OK"
2026-03-19 09:42:45,916 [Teacher] HTTP Request: POST https://api.telegram.org/bot8619703324:AAFm2FxZI5k-cIAd4eRnIR1mqutF-SUFjLc/getUpdates "HTTP/1.1 200 OK"
2026-03-19 09:42:56,044 [Teacher] HTTP Request: POST https://api.telegram.org/bot8619703324:AAFm2FxZI5k-cIAd4eRnIR1mqutF-SUFjLc/getUpdates "HTTP/1.1 200 OK"
2026-03-19 09:43:06,191 [Teacher] HTTP Request: POST https://api.telegram.org/bot8619703324:AAFm2FxZI5k-cIAd4eRnIR1mqutF-SUFjLc/getUpdates "HTTP/1.1 200 OK"
2026-03-19 09:43:16,332 [Teacher] HTTP Request: POST https://api.telegram.org/bot8619703324:AAFm2FxZI5k-cIAd4eRnIR1mqutF-SUFjLc/getUpdates "HTTP/1.1 200 OK"
2026-03-19 09:43:26,473 [Teacher] HTTP Request: POST https://api.telegram.org/bot8619703324:AAFm2FxZI5k-cIAd4eRnIR1mqutF-SUFjLc/getUpdates "HTTP/1.1 200 OK"
2026-03-19 09:43:36,596 [Teacher] HTTP Request: POST https://api.telegram.org/bot8619703324:AAFm2FxZI5k-cIAd4eRnIR1mqutF-SUFjLc/getUpdates "HTTP/1.1 200 OK"
2026-03-19 09:43:46,723 [Teacher] HTTP Request: POST https://api.telegram.org/bot8619703324:AAFm2FxZI5k-cIAd4eRnIR1mqutF-SUFjLc/getUpdates "HTTP/1.1 200 OK"
2026-03-19 09:43:56,883 [Teacher] HTTP Request: POST https://api.telegram.org/bot8619703324:AAFm2FxZI5k-cIAd4eRnIR1mqutF-SUFjLc/getUpdates "HTTP/1.1 200 OK"
2026-03-19 09:44:07,121 [Teacher] HTTP Request: POST https://api.telegram.org/bot8619703324:AAFm2FxZI5k-cIAd4eRnIR1mqutF-SUFjLc/getUpdates "HTTP/1.1 200 OK"
2026-03-19 09:44:17,236 [Teacher] HTTP Request: POST https://api.telegram.org/bot8619703324:AAFm2FxZI5k-cIAd4eRnIR1mqutF-SUFjLc/getUpdates "HTTP/1.1 200 OK"
2026-03-19 09:44:27,375 [Teacher] HTTP Request: POST https://api.telegram.org/bot8619703324:AAFm2FxZI5k-cIAd4eRnIR1mqutF-SUFjLc/getUpdates "HTTP/1.1 200 OK"
2026-03-19 09:44:37,523 [Teacher] HTTP Request: POST https://api.telegram.org/bot8619703324:AAFm2FxZI5k-cIAd4eRnIR1mqutF-SUFjLc/getUpdates "HTTP/1.1 200 OK"
2026-03-19 09:44:47,785 [Teacher] HTTP Request: POST https://api.telegram.org/bot8619703324:AAFm2FxZI5k-cIAd4eRnIR1mqutF-SUFjLc/getUpdates "HTTP/1.1 200 OK"
2026-03-19 09:44:57,912 [Teacher] HTTP Request: POST https://api.telegram.org/bot8619703324:AAFm2FxZI5k-cIAd4eRnIR1mqutF-SUFjLc/getUpdates "HTTP/1.1 200 OK"
2026-03-19 09:45:08,027 [Teacher] HTTP Request: POST https://api.telegram.org/bot8619703324:AAFm2FxZI5k-cIAd4eRnIR1mqutF-SUFjLc/getUpdates "HTTP/1.1 200 OK"
2026-03-19 09:45:18,138 [Teacher] HTTP Request: POST https://api.telegram.org/bot8619703324:AAFm2FxZI5k-cIAd4eRnIR1mqutF-SUFjLc/getUpdates "HTTP/1.1 200 OK"
2026-03-19 09:45:28,331 [Teacher] HTTP Request: POST https://api.telegram.org/bot8619703324:AAFm2FxZI5k-cIAd4eRnIR1mqutF-SUFjLc/getUpdates "HTTP/1.1 200 OK"
2026-03-19 09:45:38,472 [Teacher] HTTP Request: POST https://api.telegram.org/bot8619703324:AAFm2FxZI5k-cIAd4eRnIR1mqutF-SUFjLc/getUpdates "HTTP/1.1 200 OK"
2026-03-19 09:45:48,606 [Teacher] HTTP Request: POST https://api.telegram.org/bot8619703324:AAFm2FxZI5k-cIAd4eRnIR1mqutF-SUFjLc/getUpdates "HTTP/1.1 200 OK"
2026-03-19 09:45:58,742 [Teacher] HTTP Request: POST https://api.telegram.org/bot8619703324:AAFm2FxZI5k-cIAd4eRnIR1mqutF-SUFjLc/getUpdates "HTTP/1.1 200 OK"
2026-03-19 09:46:08,882 [Teacher] HTTP Request: POST https://api.telegram.org/bot8619703324:AAFm2FxZI5k-cIAd4eRnIR1mqutF-SUFjLc/getUpdates "HTTP/1.1 200 OK"
2026-03-19 09:46:18,999 [Teacher] HTTP Request: POST https://api.telegram.org/bot8619703324:AAFm2FxZI5k-cIAd4eRnIR1mqutF-SUFjLc/getUpdates "HTTP/1.1 200 OK"
2026-03-19 09:46:29,113 [Teacher] HTTP Request: POST https://api.telegram.org/bot8619703324:AAFm2FxZI5k-cIAd4eRnIR1mqutF-SUFjLc/getUpdates "HTTP/1.1 200 OK"
2026-03-19 09:46:39,286 [Teacher] HTTP Request: POST https://api.telegram.org/bot8619703324:AAFm2FxZI5k-cIAd4eRnIR1mqutF-SUFjLc/getUpdates "HTTP/1.1 200 OK"
2026-03-19 09:46:49,442 [Teacher] HTTP Request: POST https://api.telegram.org/bot8619703324:AAFm2FxZI5k-cIAd4eRnIR1mqutF-SUFjLc/getUpdates "HTTP/1.1 200 OK"
2026-03-19 09:46:59,603 [Teacher] HTTP Request: POST https://api.telegram.org/bot8619703324:AAFm2FxZI5k-cIAd4eRnIR1mqutF-SUFjLc/getUpdates "HTTP/1.1 200 OK"
2026-03-19 09:47:09,718 [Teacher] HTTP Request: POST https://api.telegram.org/bot8619703324:AAFm2FxZI5k-cIAd4eRnIR1mqutF-SUFjLc/getUpdates "HTTP/1.1 200 OK"
2026-03-19 09:47:12,155 [Teacher] HTTP Request: POST https://api.telegram.org/bot8619703324:AAFm2FxZI5k-cIAd4eRnIR1mqutF-SUFjLc/getUpdates "HTTP/1.1 200 OK"
2026-03-19 09:47:13,268 [Teacher] HTTP Request: POST https://api.telegram.org/bot8619703324:AAFm2FxZI5k-cIAd4eRnIR1mqutF-SUFjLc/sendMessage "HTTP/1.1 200 OK"
2026-03-19 09:47:22,328 [Teacher] HTTP Request: POST https://api.telegram.org/bot8619703324:AAFm2FxZI5k-cIAd4eRnIR1mqutF-SUFjLc/getUpdates "HTTP/1.1 200 OK"
2026-03-19 09:47:32,437 [Teacher] HTTP Request: POST https://api.telegram.org/bot8619703324:AAFm2FxZI5k-cIAd4eRnIR1mqutF-SUFjLc/getUpdates "HTTP/1.1 200 OK"
2026-03-19 09:47:36,751 [Teacher] HTTP Request: POST https://api.telegram.org/bot8619703324:AAFm2FxZI5k-cIAd4eRnIR1mqutF-SUFjLc/getUpdates "HTTP/1.1 200 OK"
2026-03-19 09:47:46,885 [Teacher] HTTP Request: POST https://api.telegram.org/bot8619703324:AAFm2FxZI5k-cIAd4eRnIR1mqutF-SUFjLc/getUpdates "HTTP/1.1 200 OK"
2026-03-19 09:47:57,031 [Teacher] HTTP Request: POST https://api.telegram.org/bot8619703324:AAFm2FxZI5k-cIAd4eRnIR1mqutF-SUFjLc/getUpdates "HTTP/1.1 200 OK"
2026-03-19 09:48:07,264 [Teacher] HTTP Request: POST https://api.telegram.org/bot8619703324:AAFm2FxZI5k-cIAd4eRnIR1mqutF-SUFjLc/getUpdates "HTTP/1.1 200 OK"
2026-03-19 09:48:17,388 [Teacher] HTTP Request: POST https://api.telegram.org/bot8619703324:AAFm2FxZI5k-cIAd4eRnIR1mqutF-SUFjLc/getUpdates "HTTP/1.1 200 OK"
2026-03-19 09:48:27,640 [Teacher] HTTP Request: POST https://api.telegram.org/bot8619703324:AAFm2FxZI5k-cIAd4eRnIR1mqutF-SUFjLc/getUpdates "HTTP/1.1 200 OK"
2026-03-19 09:48:37,775 [Teacher] HTTP Request: POST https://api.telegram.org/bot8619703324:AAFm2FxZI5k-cIAd4eRnIR1mqutF-SUFjLc/getUpdates "HTTP/1.1 200 OK"
2026-03-19 09:48:47,919 [Teacher] HTTP Request: POST https://api.telegram.org/bot8619703324:AAFm2FxZI5k-cIAd4eRnIR1mqutF-SUFjLc/getUpdates "HTTP/1.1 200 OK"
2026-03-19 09:48:58,145 [Teacher] HTTP Request: POST https://api.telegram.org/bot8619703324:AAFm2FxZI5k-cIAd4eRnIR1mqutF-SUFjLc/getUpdates "HTTP/1.1 200 OK"
2026-03-19 09:49:08,294 [Teacher] HTTP Request: POST https://api.telegram.org/bot8619703324:AAFm2FxZI5k-cIAd4eRnIR1mqutF-SUFjLc/getUpdates "HTTP/1.1 200 OK"
2026-03-19 09:49:18,521 [Teacher] HTTP Request: POST https://api.telegram.org/bot8619703324:AAFm2FxZI5k-cIAd4eRnIR1mqutF-SUFjLc/getUpdates "HTTP/1.1 200 OK"
2026-03-19 09:49:28,766 [Teacher] HTTP Request: POST https://api.telegram.org/bot8619703324:AAFm2FxZI5k-cIAd4eRnIR1mqutF-SUFjLc/getUpdates "HTTP/1.1 200 OK"
2026-03-19 09:49:38,900 [Teacher] HTTP Request: POST https://api.telegram.org/bot8619703324:AAFm2FxZI5k-cIAd4eRnIR1mqutF-SUFjLc/getUpdates "HTTP/1.1 200 OK"
2026-03-19 09:49:49,017 [Teacher] HTTP Request: POST https://api.telegram.org/bot8619703324:AAFm2FxZI5k-cIAd4eRnIR1mqutF-SUFjLc/getUpdates "HTTP/1.1 200 OK"
2026-03-19 09:49:59,144 [Teacher] HTTP Request: POST https://api.telegram.org/bot8619703324:AAFm2FxZI5k-cIAd4eRnIR1mqutF-SUFjLc/getUpdates "HTTP/1.1 200 OK"
2026-03-19 09:50:09,277 [Teacher] HTTP Request: POST https://api.telegram.org/bot8619703324:AAFm2FxZI5k-cIAd4eRnIR1mqutF-SUFjLc/getUpdates "HTTP/1.1 200 OK"
2026-03-19 09:50:19,408 [Teacher] HTTP Request: POST https://api.telegram.org/bot8619703324:AAFm2FxZI5k-cIAd4eRnIR1mqutF-SUFjLc/getUpdates "HTTP/1.1 200 OK"
2026-03-19 09:50:29,527 [Teacher] HTTP Request: POST https://api.telegram.org/bot8619703324:AAFm2FxZI5k-cIAd4eRnIR1mqutF-SUFjLc/getUpdates "HTTP/1.1 200 OK"
2026-03-19 09:50:39,723 [Teacher] HTTP Request: POST https://api.telegram.org/bot8619703324:AAFm2FxZI5k-cIAd4eRnIR1mqutF-SUFjLc/getUpdates "HTTP/1.1 200 OK"
2026-03-19 09:50:49,844 [Teacher] HTTP Request: POST https://api.telegram.org/bot8619703324:AAFm2FxZI5k-cIAd4eRnIR1mqutF-SUFjLc/getUpdates "HTTP/1.1 200 OK"
2026-03-19 09:50:59,994 [Teacher] HTTP Request: POST https://api.telegram.org/bot8619703324:AAFm2FxZI5k-cIAd4eRnIR1mqutF-SUFjLc/getUpdates "HTTP/1.1 200 OK"
2026-03-19 09:51:10,133 [Teacher] HTTP Request: POST https://api.telegram.org/bot8619703324:AAFm2FxZI5k-cIAd4eRnIR1mqutF-SUFjLc/getUpdates "HTTP/1.1 200 OK"
2026-03-19 09:51:17,083 [Teacher] HTTP Request: POST https://api.telegram.org/bot8619703324:AAFm2FxZI5k-cIAd4eRnIR1mqutF-SUFjLc/getMe "HTTP/1.1 200 OK"
2026-03-19 09:51:17,084 [Teacher] Application started
2026-03-19 09:51:17,193 [Teacher] HTTP Request: POST https://api.telegram.org/bot8619703324:AAFm2FxZI5k-cIAd4eRnIR1mqutF-SUFjLc/deleteWebhook "HTTP/1.1 200 OK"
2026-03-19 09:51:17,194 [Teacher] ✅ @YourBrand_group_teacher_bot (Лекс) онлайн
2026-03-19 09:51:27,548 [Teacher] HTTP Request: POST https://api.telegram.org/bot8619703324:AAFm2FxZI5k-cIAd4eRnIR1mqutF-SUFjLc/getUpdates "HTTP/1.1 200 OK"
2026-03-19 09:51:37,664 [Teacher] HTTP Request: POST https://api.telegram.org/bot8619703324:AAFm2FxZI5k-cIAd4eRnIR1mqutF-SUFjLc/getUpdates "HTTP/1.1 200 OK"
2026-03-19 09:51:47,775 [Teacher] HTTP Request: POST https://api.telegram.org/bot8619703324:AAFm2FxZI5k-cIAd4eRnIR1mqutF-SUFjLc/getUpdates "HTTP/1.1 200 OK"
2026-03-19 09:51:57,885 [Teacher] HTTP Request: POST https://api.telegram.org/bot8619703324:AAFm2FxZI5k-cIAd4eRnIR1mqutF-SUFjLc/getUpdates "HTTP/1.1 200 OK"
2026-03-19 09:52:08,094 [Teacher] HTTP Request: POST https://api.telegram.org/bot8619703324:AAFm2FxZI5k-cIAd4eRnIR1mqutF-SUFjLc/getUpdates "HTTP/1.1 200 OK"
2026-03-19 09:52:18,430 [Teacher] HTTP Request: POST https://api.telegram.org/bot8619703324:AAFm2FxZI5k-cIAd4eRnIR1mqutF-SUFjLc/getUpdates "HTTP/1.1 200 OK"
2026-03-19 09:52:28,559 [Teacher] HTTP Request: POST https://api.telegram.org/bot8619703324:AAFm2FxZI5k-cIAd4eRnIR1mqutF-SUFjLc/getUpdates "HTTP/1.1 200 OK"
2026-03-19 09:52:38,714 [Teacher] HTTP Request: POST https://api.telegram.org/bot8619703324:AAFm2FxZI5k-cIAd4eRnIR1mqutF-SUFjLc/getUpdates "HTTP/1.1 200 OK"
2026-03-19 09:52:48,863 [Teacher] HTTP Request: POST https://api.telegram.org/bot8619703324:AAFm2FxZI5k-cIAd4eRnIR1mqutF-SUFjLc/getUpdates "HTTP/1.1 200 OK"
2026-03-19 09:52:58,988 [Teacher] HTTP Request: POST https://api.telegram.org/bot8619703324:AAFm2FxZI5k-cIAd4eRnIR1mqutF-SUFjLc/getUpdates "HTTP/1.1 200 OK"
2026-03-19 09:53:09,101 [Teacher] HTTP Request: POST https://api.telegram.org/bot8619703324:AAFm2FxZI5k-cIAd4eRnIR1mqutF-SUFjLc/getUpdates "HTTP/1.1 200 OK"
2026-03-19 09:53:19,279 [Teacher] HTTP Request: POST https://api.telegram.org/bot8619703324:AAFm2FxZI5k-cIAd4eRnIR1mqutF-SUFjLc/getUpdates "HTTP/1.1 200 OK"
2026-03-19 09:53:29,512 [Teacher] HTTP Request: POST https://api.telegram.org/bot8619703324:AAFm2FxZI5k-cIAd4eRnIR1mqutF-SUFjLc/getUpdates "HTTP/1.1 200 OK"
2026-03-19 09:53:39,645 [Teacher] HTTP Request: POST https://api.telegram.org/bot8619703324:AAFm2FxZI5k-cIAd4eRnIR1mqutF-SUFjLc/getUpdates "HTTP/1.1 200 OK"
2026-03-19 09:53:49,766 [Teacher] HTTP Request: POST https://api.telegram.org/bot8619703324:AAFm2FxZI5k-cIAd4eRnIR1mqutF-SUFjLc/getUpdates "HTTP/1.1 200 OK"
2026-03-19 09:53:59,881 [Teacher] HTTP Request: POST https://api.telegram.org/bot8619703324:AAFm2FxZI5k-cIAd4eRnIR1mqutF-SUFjLc/getUpdates "HTTP/1.1 200 OK"
2026-03-19 09:54:10,005 [Teacher] HTTP Request: POST https://api.telegram.org/bot8619703324:AAFm2FxZI5k-cIAd4eRnIR1mqutF-SUFjLc/getUpdates "HTTP/1.1 200 OK"
2026-03-19 09:54:20,113 [Teacher] HTTP Request: POST https://api.telegram.org/bot8619703324:AAFm2FxZI5k-cIAd4eRnIR1mqutF-SUFjLc/getUpdates "HTTP/1.1 200 OK"
2026-03-19 09:54:30,245 [Teacher] HTTP Request: POST https://api.telegram.org/bot8619703324:AAFm2FxZI5k-cIAd4eRnIR1mqutF-SUFjLc/getUpdates "HTTP/1.1 200 OK"
2026-03-19 09:54:40,459 [Teacher] HTTP Request: POST https://api.telegram.org/bot8619703324:AAFm2FxZI5k-cIAd4eRnIR1mqutF-SUFjLc/getUpdates "HTTP/1.1 200 OK"
2026-03-19 09:54:50,569 [Teacher] HTTP Request: POST https://api.telegram.org/bot8619703324:AAFm2FxZI5k-cIAd4eRnIR1mqutF-SUFjLc/getUpdates "HTTP/1.1 200 OK"
2026-03-19 09:55:00,737 [Teacher] HTTP Request: POST https://api.telegram.org/bot8619703324:AAFm2FxZI5k-cIAd4eRnIR1mqutF-SUFjLc/getUpdates "HTTP/1.1 200 OK"
2026-03-19 09:55:10,878 [Teacher] HTTP Request: POST https://api.telegram.org/bot8619703324:AAFm2FxZI5k-cIAd4eRnIR1mqutF-SUFjLc/getUpdates "HTTP/1.1 200 OK"
2026-03-19 09:55:21,061 [Teacher] HTTP Request: POST https://api.telegram.org/bot8619703324:AAFm2FxZI5k-cIAd4eRnIR1mqutF-SUFjLc/getUpdates "HTTP/1.1 200 OK"
2026-03-19 09:55:31,273 [Teacher] HTTP Request: POST https://api.telegram.org/bot8619703324:AAFm2FxZI5k-cIAd4eRnIR1mqutF-SUFjLc/getUpdates "HTTP/1.1 200 OK"
2026-03-19 09:55:41,401 [Teacher] HTTP Request: POST https://api.telegram.org/bot8619703324:AAFm2FxZI5k-cIAd4eRnIR1mqutF-SUFjLc/getUpdates "HTTP/1.1 200 OK"
2026-03-19 09:55:51,523 [Teacher] HTTP Request: POST https://api.telegram.org/bot8619703324:AAFm2FxZI5k-cIAd4eRnIR1mqutF-SUFjLc/getUpdates "HTTP/1.1 200 OK"
2026-03-19 09:56:01,689 [Teacher] HTTP Request: POST https://api.telegram.org/bot8619703324:AAFm2FxZI5k-cIAd4eRnIR1mqutF-SUFjLc/getUpdates "HTTP/1.1 200 OK"
2026-03-19 09:56:11,799 [Teacher] HTTP Request: POST https://api.telegram.org/bot8619703324:AAFm2FxZI5k-cIAd4eRnIR1mqutF-SUFjLc/getUpdates "HTTP/1.1 200 OK"
2026-03-19 09:56:21,909 [Teacher] HTTP Request: POST https://api.telegram.org/bot8619703324:AAFm2FxZI5k-cIAd4eRnIR1mqutF-SUFjLc/getUpdates "HTTP/1.1 200 OK"
2026-03-19 09:56:32,022 [Teacher] HTTP Request: POST https://api.telegram.org/bot8619703324:AAFm2FxZI5k-cIAd4eRnIR1mqutF-SUFjLc/getUpdates "HTTP/1.1 200 OK"
2026-03-19 09:56:42,157 [Teacher] HTTP Request: POST https://api.telegram.org/bot8619703324:AAFm2FxZI5k-cIAd4eRnIR1mqutF-SUFjLc/getUpdates "HTTP/1.1 200 OK"
2026-03-19 09:56:52,303 [Teacher] HTTP Request: POST https://api.telegram.org/bot8619703324:AAFm2FxZI5k-cIAd4eRnIR1mqutF-SUFjLc/getUpdates "HTTP/1.1 200 OK"
2026-03-19 09:57:02,429 [Teacher] HTTP Request: POST https://api.telegram.org/bot8619703324:AAFm2FxZI5k-cIAd4eRnIR1mqutF-SUFjLc/getUpdates "HTTP/1.1 200 OK"
2026-03-19 09:57:12,576 [Teacher] HTTP Request: POST https://api.telegram.org/bot8619703324:AAFm2FxZI5k-cIAd4eRnIR1mqutF-SUFjLc/getUpdates "HTTP/1.1 200 OK"
2026-03-19 09:57:22,765 [Teacher] HTTP Request: POST https://api.telegram.org/bot8619703324:AAFm2FxZI5k-cIAd4eRnIR1mqutF-SUFjLc/getUpdates "HTTP/1.1 200 OK"
2026-03-19 09:57:32,890 [Teacher] HTTP Request: POST https://api.telegram.org/bot8619703324:AAFm2FxZI5k-cIAd4eRnIR1mqutF-SUFjLc/getUpdates "HTTP/1.1 200 OK"
2026-03-19 09:57:43,006 [Teacher] HTTP Request: POST https://api.telegram.org/bot8619703324:AAFm2FxZI5k-cIAd4eRnIR1mqutF-SUFjLc/getUpdates "HTTP/1.1 200 OK"
2026-03-19 09:57:53,184 [Teacher] HTTP Request: POST https://api.telegram.org/bot8619703324:AAFm2FxZI5k-cIAd4eRnIR1mqutF-SUFjLc/getUpdates "HTTP/1.1 200 OK"
2026-03-19 09:58:03,331 [Teacher] HTTP Request: POST https://api.telegram.org/bot8619703324:AAFm2FxZI5k-cIAd4eRnIR1mqutF-SUFjLc/getUpdates "HTTP/1.1 200 OK"
2026-03-19 09:58:13,455 [Teacher] HTTP Request: POST https://api.telegram.org/bot8619703324:AAFm2FxZI5k-cIAd4eRnIR1mqutF-SUFjLc/getUpdates "HTTP/1.1 200 OK"
2026-03-19 09:58:23,571 [Teacher] HTTP Request: POST https://api.telegram.org/bot8619703324:AAFm2FxZI5k-cIAd4eRnIR1mqutF-SUFjLc/getUpdates "HTTP/1.1 200 OK"
2026-03-19 09:58:33,678 [Teacher] HTTP Request: POST https://api.telegram.org/bot8619703324:AAFm2FxZI5k-cIAd4eRnIR1mqutF-SUFjLc/getUpdates "HTTP/1.1 200 OK"
2026-03-19 09:58:43,863 [Teacher] HTTP Request: POST https://api.telegram.org/bot8619703324:AAFm2FxZI5k-cIAd4eRnIR1mqutF-SUFjLc/getUpdates "HTTP/1.1 200 OK"
2026-03-19 09:58:53,984 [Teacher] HTTP Request: POST https://api.telegram.org/bot8619703324:AAFm2FxZI5k-cIAd4eRnIR1mqutF-SUFjLc/getUpdates "HTTP/1.1 200 OK"
2026-03-19 09:59:04,140 [Teacher] HTTP Request: POST https://api.telegram.org/bot8619703324:AAFm2FxZI5k-cIAd4eRnIR1mqutF-SUFjLc/getUpdates "HTTP/1.1 200 OK"
2026-03-19 09:59:14,278 [Teacher] HTTP Request: POST https://api.telegram.org/bot8619703324:AAFm2FxZI5k-cIAd4eRnIR1mqutF-SUFjLc/getUpdates "HTTP/1.1 200 OK"
2026-03-19 09:59:24,412 [Teacher] HTTP Request: POST https://api.telegram.org/bot8619703324:AAFm2FxZI5k-cIAd4eRnIR1mqutF-SUFjLc/getUpdates "HTTP/1.1 200 OK"
2026-03-19 09:59:34,550 [Teacher] HTTP Request: POST https://api.telegram.org/bot8619703324:AAFm2FxZI5k-cIAd4eRnIR1mqutF-SUFjLc/getUpdates "HTTP/1.1 200 OK"
2026-03-19 09:59:44,686 [Teacher] HTTP Request: POST https://api.telegram.org/bot8619703324:AAFm2FxZI5k-cIAd4eRnIR1mqutF-SUFjLc/getUpdates "HTTP/1.1 200 OK"
2026-03-19 09:59:54,833 [Teacher] HTTP Request: POST https://api.telegram.org/bot8619703324:AAFm2FxZI5k-cIAd4eRnIR1mqutF-SUFjLc/getUpdates "HTTP/1.1 200 OK"
2026-03-19 10:00:04,946 [Teacher] HTTP Request: POST https://api.telegram.org/bot8619703324:AAFm2FxZI5k-cIAd4eRnIR1mqutF-SUFjLc/getUpdates "HTTP/1.1 200 OK"
2026-03-19 10:00:15,057 [Teacher] HTTP Request: POST https://api.telegram.org/bot8619703324:AAFm2FxZI5k-cIAd4eRnIR1mqutF-SUFjLc/getUpdates "HTTP/1.1 200 OK"
2026-03-19 10:00:25,252 [Teacher] HTTP Request: POST https://api.telegram.org/bot8619703324:AAFm2FxZI5k-cIAd4eRnIR1mqutF-SUFjLc/getUpdates "HTTP/1.1 200 OK"
2026-03-19 10:00:35,367 [Teacher] HTTP Request: POST https://api.telegram.org/bot8619703324:AAFm2FxZI5k-cIAd4eRnIR1mqutF-SUFjLc/getUpdates "HTTP/1.1 200 OK"
2026-03-19 10:00:45,637 [Teacher] HTTP Request: POST https://api.telegram.org/bot8619703324:AAFm2FxZI5k-cIAd4eRnIR1mqutF-SUFjLc/getUpdates "HTTP/1.1 200 OK"
2026-03-19 10:00:55,856 [Teacher] HTTP Request: POST https://api.telegram.org/bot8619703324:AAFm2FxZI5k-cIAd4eRnIR1mqutF-SUFjLc/getUpdates "HTTP/1.1 200 OK"
2026-03-19 10:01:05,966 [Teacher] HTTP Request: POST https://api.telegram.org/bot8619703324:AAFm2FxZI5k-cIAd4eRnIR1mqutF-SUFjLc/getUpdates "HTTP/1.1 200 OK"
2026-03-19 10:01:12,135 [Teacher] HTTP Request: POST https://api.telegram.org/bot8619703324:AAFm2FxZI5k-cIAd4eRnIR1mqutF-SUFjLc/getUpdates "HTTP/1.1 200 OK"
2026-03-19 10:01:22,380 [Teacher] HTTP Request: POST https://api.telegram.org/bot8619703324:AAFm2FxZI5k-cIAd4eRnIR1mqutF-SUFjLc/getUpdates "HTTP/1.1 200 OK"
2026-03-19 10:01:32,516 [Teacher] HTTP Request: POST https://api.telegram.org/bot8619703324:AAFm2FxZI5k-cIAd4eRnIR1mqutF-SUFjLc/getUpdates "HTTP/1.1 200 OK"
2026-03-19 10:01:42,736 [Teacher] HTTP Request: POST https://api.telegram.org/bot8619703324:AAFm2FxZI5k-cIAd4eRnIR1mqutF-SUFjLc/getUpdates "HTTP/1.1 200 OK"
2026-03-19 10:01:52,849 [Teacher] HTTP Request: POST https://api.telegram.org/bot8619703324:AAFm2FxZI5k-cIAd4eRnIR1mqutF-SUFjLc/getUpdates "HTTP/1.1 200 OK"
2026-03-19 10:02:02,987 [Teacher] HTTP Request: POST https://api.telegram.org/bot8619703324:AAFm2FxZI5k-cIAd4eRnIR1mqutF-SUFjLc/getUpdates "HTTP/1.1 200 OK"
2026-03-19 10:02:13,101 [Teacher] HTTP Request: POST https://api.telegram.org/bot8619703324:AAFm2FxZI5k-cIAd4eRnIR1mqutF-SUFjLc/getUpdates "HTTP/1.1 200 OK"
2026-03-19 10:02:23,210 [Teacher] HTTP Request: POST https://api.telegram.org/bot8619703324:AAFm2FxZI5k-cIAd4eRnIR1mqutF-SUFjLc/getUpdates "HTTP/1.1 200 OK"
2026-03-19 10:02:33,344 [Teacher] HTTP Request: POST https://api.telegram.org/bot8619703324:AAFm2FxZI5k-cIAd4eRnIR1mqutF-SUFjLc/getUpdates "HTTP/1.1 200 OK"
2026-03-19 10:02:43,594 [Teacher] HTTP Request: POST https://api.telegram.org/bot8619703324:AAFm2FxZI5k-cIAd4eRnIR1mqutF-SUFjLc/getUpdates "HTTP/1.1 200 OK"
2026-03-19 10:02:53,724 [Teacher] HTTP Request: POST https://api.telegram.org/bot8619703324:AAFm2FxZI5k-cIAd4eRnIR1mqutF-SUFjLc/getUpdates "HTTP/1.1 200 OK"
2026-03-19 10:03:03,858 [Teacher] HTTP Request: POST https://api.telegram.org/bot8619703324:AAFm2FxZI5k-cIAd4eRnIR1mqutF-SUFjLc/getUpdates "HTTP/1.1 200 OK"
2026-03-19 10:03:13,980 [Teacher] HTTP Request: POST https://api.telegram.org/bot8619703324:AAFm2FxZI5k-cIAd4eRnIR1mqutF-SUFjLc/getUpdates "HTTP/1.1 200 OK"
2026-03-19 10:03:24,120 [Teacher] HTTP Request: POST https://api.telegram.org/bot8619703324:AAFm2FxZI5k-cIAd4eRnIR1mqutF-SUFjLc/getUpdates "HTTP/1.1 200 OK"
2026-03-19 10:03:34,269 [Teacher] HTTP Request: POST https://api.telegram.org/bot8619703324:AAFm2FxZI5k-cIAd4eRnIR1mqutF-SUFjLc/getUpdates "HTTP/1.1 200 OK"
2026-03-19 10:03:44,406 [Teacher] HTTP Request: POST https://api.telegram.org/bot8619703324:AAFm2FxZI5k-cIAd4eRnIR1mqutF-SUFjLc/getUpdates "HTTP/1.1 200 OK"
2026-03-19 10:03:54,547 [Teacher] HTTP Request: POST https://api.telegram.org/bot8619703324:AAFm2FxZI5k-cIAd4eRnIR1mqutF-SUFjLc/getUpdates "HTTP/1.1 200 OK"
2026-03-19 10:04:04,683 [Teacher] HTTP Request: POST https://api.telegram.org/bot8619703324:AAFm2FxZI5k-cIAd4eRnIR1mqutF-SUFjLc/getUpdates "HTTP/1.1 200 OK"
2026-03-19 10:04:14,795 [Teacher] HTTP Request: POST https://api.telegram.org/bot8619703324:AAFm2FxZI5k-cIAd4eRnIR1mqutF-SUFjLc/getUpdates "HTTP/1.1 200 OK"
2026-03-19 10:04:24,956 [Teacher] HTTP Request: POST https://api.telegram.org/bot8619703324:AAFm2FxZI5k-cIAd4eRnIR1mqutF-SUFjLc/getUpdates "HTTP/1.1 200 OK"
2026-03-19 10:04:35,091 [Teacher] HTTP Request: POST https://api.telegram.org/bot8619703324:AAFm2FxZI5k-cIAd4eRnIR1mqutF-SUFjLc/getUpdates "HTTP/1.1 200 OK"
2026-03-19 10:04:45,216 [Teacher] HTTP Request: POST https://api.telegram.org/bot8619703324:AAFm2FxZI5k-cIAd4eRnIR1mqutF-SUFjLc/getUpdates "HTTP/1.1 200 OK"
2026-03-19 10:04:55,369 [Teacher] HTTP Request: POST https://api.telegram.org/bot8619703324:AAFm2FxZI5k-cIAd4eRnIR1mqutF-SUFjLc/getUpdates "HTTP/1.1 200 OK"
2026-03-19 10:05:05,505 [Teacher] HTTP Request: POST https://api.telegram.org/bot8619703324:AAFm2FxZI5k-cIAd4eRnIR1mqutF-SUFjLc/getUpdates "HTTP/1.1 200 OK"
2026-03-19 10:05:15,690 [Teacher] HTTP Request: POST https://api.telegram.org/bot8619703324:AAFm2FxZI5k-cIAd4eRnIR1mqutF-SUFjLc/getUpdates "HTTP/1.1 200 OK"
2026-03-19 10:05:25,795 [Teacher] HTTP Request: POST https://api.telegram.org/bot8619703324:AAFm2FxZI5k-cIAd4eRnIR1mqutF-SUFjLc/getUpdates "HTTP/1.1 200 OK"
2026-03-19 10:05:35,904 [Teacher] HTTP Request: POST https://api.telegram.org/bot8619703324:AAFm2FxZI5k-cIAd4eRnIR1mqutF-SUFjLc/getUpdates "HTTP/1.1 200 OK"
2026-03-19 10:05:46,024 [Teacher] HTTP Request: POST https://api.telegram.org/bot8619703324:AAFm2FxZI5k-cIAd4eRnIR1mqutF-SUFjLc/getUpdates "HTTP/1.1 200 OK"
2026-03-19 10:05:56,137 [Teacher] HTTP Request: POST https://api.telegram.org/bot8619703324:AAFm2FxZI5k-cIAd4eRnIR1mqutF-SUFjLc/getUpdates "HTTP/1.1 200 OK"
2026-03-19 10:05:56,683 [Teacher] HTTP Request: POST https://api.telegram.org/bot8619703324:AAFm2FxZI5k-cIAd4eRnIR1mqutF-SUFjLc/getUpdates "HTTP/1.1 200 OK"
2026-03-19 10:06:06,854 [Teacher] HTTP Request: POST https://api.telegram.org/bot8619703324:AAFm2FxZI5k-cIAd4eRnIR1mqutF-SUFjLc/getUpdates "HTTP/1.1 200 OK"
2026-03-19 10:06:10,284 [Teacher] HTTP Request: POST https://api.telegram.org/bot8619703324:AAFm2FxZI5k-cIAd4eRnIR1mqutF-SUFjLc/getUpdates "HTTP/1.1 200 OK"
2026-03-19 10:06:20,567 [Teacher] HTTP Request: POST https://api.telegram.org/bot8619703324:AAFm2FxZI5k-cIAd4eRnIR1mqutF-SUFjLc/getUpdates "HTTP/1.1 200 OK"
2026-03-19 10:06:30,684 [Teacher] HTTP Request: POST https://api.telegram.org/bot8619703324:AAFm2FxZI5k-cIAd4eRnIR1mqutF-SUFjLc/getUpdates "HTTP/1.1 200 OK"
2026-03-19 10:06:40,836 [Teacher] HTTP Request: POST https://api.telegram.org/bot8619703324:AAFm2FxZI5k-cIAd4eRnIR1mqutF-SUFjLc/getUpdates "HTTP/1.1 200 OK"
2026-03-19 10:06:50,972 [Teacher] HTTP Request: POST https://api.telegram.org/bot8619703324:AAFm2FxZI5k-cIAd4eRnIR1mqutF-SUFjLc/getUpdates "HTTP/1.1 200 OK"
2026-03-19 10:07:01,105 [Teacher] HTTP Request: POST https://api.telegram.org/bot8619703324:AAFm2FxZI5k-cIAd4eRnIR1mqutF-SUFjLc/getUpdates "HTTP/1.1 200 OK"
2026-03-19 10:07:11,256 [Teacher] HTTP Request: POST https://api.telegram.org/bot8619703324:AAFm2FxZI5k-cIAd4eRnIR1mqutF-SUFjLc/getUpdates "HTTP/1.1 200 OK"
2026-03-19 10:07:21,390 [Teacher] HTTP Request: POST https://api.telegram.org/bot8619703324:AAFm2FxZI5k-cIAd4eRnIR1mqutF-SUFjLc/getUpdates "HTTP/1.1 200 OK"
2026-03-19 10:07:31,500 [Teacher] HTTP Request: POST https://api.telegram.org/bot8619703324:AAFm2FxZI5k-cIAd4eRnIR1mqutF-SUFjLc/getUpdates "HTTP/1.1 200 OK"
2026-03-19 10:07:41,628 [Teacher] HTTP Request: POST https://api.telegram.org/bot8619703324:AAFm2FxZI5k-cIAd4eRnIR1mqutF-SUFjLc/getUpdates "HTTP/1.1 200 OK"
2026-03-19 10:07:51,740 [Teacher] HTTP Request: POST https://api.telegram.org/bot8619703324:AAFm2FxZI5k-cIAd4eRnIR1mqutF-SUFjLc/getUpdates "HTTP/1.1 200 OK"
2026-03-19 10:08:02,155 [Teacher] HTTP Request: POST https://api.telegram.org/bot8619703324:AAFm2FxZI5k-cIAd4eRnIR1mqutF-SUFjLc/getUpdates "HTTP/1.1 200 OK"
2026-03-19 10:08:12,267 [Teacher] HTTP Request: POST https://api.telegram.org/bot8619703324:AAFm2FxZI5k-cIAd4eRnIR1mqutF-SUFjLc/getUpdates "HTTP/1.1 200 OK"
2026-03-19 10:08:21,999 [Teacher] HTTP Request: POST https://api.telegram.org/bot8619703324:AAFm2FxZI5k-cIAd4eRnIR1mqutF-SUFjLc/getUpdates "HTTP/1.1 200 OK"
2026-03-19 10:08:32,120 [Teacher] HTTP Request: POST https://api.telegram.org/bot8619703324:AAFm2FxZI5k-cIAd4eRnIR1mqutF-SUFjLc/getUpdates "HTTP/1.1 200 OK"
2026-03-19 10:08:36,312 [Teacher] HTTP Request: POST https://api.telegram.org/bot8619703324:AAFm2FxZI5k-cIAd4eRnIR1mqutF-SUFjLc/getUpdates "HTTP/1.1 200 OK"
2026-03-19 10:08:38,292 [Teacher] HTTP Request: POST https://api.telegram.org/bot8619703324:AAFm2FxZI5k-cIAd4eRnIR1mqutF-SUFjLc/getUpdates "HTTP/1.1 200 OK"
2026-03-19 10:08:41,833 [Teacher] HTTP Request: POST https://api.telegram.org/bot8619703324:AAFm2FxZI5k-cIAd4eRnIR1mqutF-SUFjLc/getUpdates "HTTP/1.1 200 OK"
2026-03-19 10:08:51,988 [Teacher] HTTP Request: POST https://api.telegram.org/bot8619703324:AAFm2FxZI5k-cIAd4eRnIR1mqutF-SUFjLc/getUpdates "HTTP/1.1 200 OK"
2026-03-19 10:09:02,099 [Teacher] HTTP Request: POST https://api.telegram.org/bot8619703324:AAFm2FxZI5k-cIAd4eRnIR1mqutF-SUFjLc/getUpdates "HTTP/1.1 200 OK"
2026-03-19 10:09:12,212 [Teacher] HTTP Request: POST https://api.telegram.org/bot8619703324:AAFm2FxZI5k-cIAd4eRnIR1mqutF-SUFjLc/getUpdates "HTTP/1.1 200 OK"
2026-03-19 10:09:22,335 [Teacher] HTTP Request: POST https://api.telegram.org/bot8619703324:AAFm2FxZI5k-cIAd4eRnIR1mqutF-SUFjLc/getUpdates "HTTP/1.1 200 OK"
2026-03-19 10:09:32,550 [Teacher] HTTP Request: POST https://api.telegram.org/bot8619703324:AAFm2FxZI5k-cIAd4eRnIR1mqutF-SUFjLc/getUpdates "HTTP/1.1 200 OK"
2026-03-19 10:09:42,678 [Teacher] HTTP Request: POST https://api.telegram.org/bot8619703324:AAFm2FxZI5k-cIAd4eRnIR1mqutF-SUFjLc/getUpdates "HTTP/1.1 200 OK"
2026-03-19 10:09:52,838 [Teacher] HTTP Request: POST https://api.telegram.org/bot8619703324:AAFm2FxZI5k-cIAd4eRnIR1mqutF-SUFjLc/getUpdates "HTTP/1.1 200 OK"
2026-03-19 10:10:02,964 [Teacher] HTTP Request: POST https://api.telegram.org/bot8619703324:AAFm2FxZI5k-cIAd4eRnIR1mqutF-SUFjLc/getUpdates "HTTP/1.1 200 OK"
2026-03-19 10:10:13,077 [Teacher] HTTP Request: POST https://api.telegram.org/bot8619703324:AAFm2FxZI5k-cIAd4eRnIR1mqutF-SUFjLc/getUpdates "HTTP/1.1 200 OK"
2026-03-19 10:10:23,253 [Teacher] HTTP Request: POST https://api.telegram.org/bot8619703324:AAFm2FxZI5k-cIAd4eRnIR1mqutF-SUFjLc/getUpdates "HTTP/1.1 200 OK"
2026-03-19 10:10:33,476 [Teacher] HTTP Request: POST https://api.telegram.org/bot8619703324:AAFm2FxZI5k-cIAd4eRnIR1mqutF-SUFjLc/getUpdates "HTTP/1.1 200 OK"
2026-03-19 10:10:43,614 [Teacher] HTTP Request: POST https://api.telegram.org/bot8619703324:AAFm2FxZI5k-cIAd4eRnIR1mqutF-SUFjLc/getUpdates "HTTP/1.1 200 OK"
2026-03-19 10:10:53,721 [Teacher] HTTP Request: POST https://api.telegram.org/bot8619703324:AAFm2FxZI5k-cIAd4eRnIR1mqutF-SUFjLc/getUpdates "HTTP/1.1 200 OK"
2026-03-19 10:11:03,894 [Teacher] HTTP Request: POST https://api.telegram.org/bot8619703324:AAFm2FxZI5k-cIAd4eRnIR1mqutF-SUFjLc/getUpdates "HTTP/1.1 200 OK"
2026-03-19 10:11:14,129 [Teacher] HTTP Request: POST https://api.telegram.org/bot8619703324:AAFm2FxZI5k-cIAd4eRnIR1mqutF-SUFjLc/getUpdates "HTTP/1.1 200 OK"
2026-03-19 10:11:24,268 [Teacher] HTTP Request: POST https://api.telegram.org/bot8619703324:AAFm2FxZI5k-cIAd4eRnIR1mqutF-SUFjLc/getUpdates "HTTP/1.1 200 OK"
2026-03-19 10:11:34,404 [Teacher] HTTP Request: POST https://api.telegram.org/bot8619703324:AAFm2FxZI5k-cIAd4eRnIR1mqutF-SUFjLc/getUpdates "HTTP/1.1 200 OK"
2026-03-19 10:11:44,575 [Teacher] HTTP Request: POST https://api.telegram.org/bot8619703324:AAFm2FxZI5k-cIAd4eRnIR1mqutF-SUFjLc/getUpdates "HTTP/1.1 200 OK"
2026-03-19 10:11:54,700 [Teacher] HTTP Request: POST https://api.telegram.org/bot8619703324:AAFm2FxZI5k-cIAd4eRnIR1mqutF-SUFjLc/getUpdates "HTTP/1.1 200 OK"
2026-03-19 10:12:04,817 [Teacher] HTTP Request: POST https://api.telegram.org/bot8619703324:AAFm2FxZI5k-cIAd4eRnIR1mqutF-SUFjLc/getUpdates "HTTP/1.1 200 OK"
2026-03-19 10:12:14,960 [Teacher] HTTP Request: POST https://api.telegram.org/bot8619703324:AAFm2FxZI5k-cIAd4eRnIR1mqutF-SUFjLc/getUpdates "HTTP/1.1 200 OK"
2026-03-19 10:12:25,092 [Teacher] HTTP Request: POST https://api.telegram.org/bot8619703324:AAFm2FxZI5k-cIAd4eRnIR1mqutF-SUFjLc/getUpdates "HTTP/1.1 200 OK"
2026-03-19 10:12:35,238 [Teacher] HTTP Request: POST https://api.telegram.org/bot8619703324:AAFm2FxZI5k-cIAd4eRnIR1mqutF-SUFjLc/getUpdates "HTTP/1.1 200 OK"
2026-03-19 10:12:45,349 [Teacher] HTTP Request: POST https://api.telegram.org/bot8619703324:AAFm2FxZI5k-cIAd4eRnIR1mqutF-SUFjLc/getUpdates "HTTP/1.1 200 OK"
2026-03-19 10:12:55,504 [Teacher] HTTP Request: POST https://api.telegram.org/bot8619703324:AAFm2FxZI5k-cIAd4eRnIR1mqutF-SUFjLc/getUpdates "HTTP/1.1 200 OK"
2026-03-19 10:13:05,646 [Teacher] HTTP Request: POST https://api.telegram.org/bot8619703324:AAFm2FxZI5k-cIAd4eRnIR1mqutF-SUFjLc/getUpdates "HTTP/1.1 200 OK"
2026-03-19 10:13:15,766 [Teacher] HTTP Request: POST https://api.telegram.org/bot8619703324:AAFm2FxZI5k-cIAd4eRnIR1mqutF-SUFjLc/getUpdates "HTTP/1.1 200 OK"
2026-03-19 10:13:26,021 [Teacher] HTTP Request: POST https://api.telegram.org/bot8619703324:AAFm2FxZI5k-cIAd4eRnIR1mqutF-SUFjLc/getUpdates "HTTP/1.1 200 OK"
2026-03-19 10:13:36,224 [Teacher] HTTP Request: POST https://api.telegram.org/bot8619703324:AAFm2FxZI5k-cIAd4eRnIR1mqutF-SUFjLc/getUpdates "HTTP/1.1 200 OK"
2026-03-19 10:13:46,374 [Teacher] HTTP Request: POST https://api.telegram.org/bot8619703324:AAFm2FxZI5k-cIAd4eRnIR1mqutF-SUFjLc/getUpdates "HTTP/1.1 200 OK"
2026-03-19 10:13:56,509 [Teacher] HTTP Request: POST https://api.telegram.org/bot8619703324:AAFm2FxZI5k-cIAd4eRnIR1mqutF-SUFjLc/getUpdates "HTTP/1.1 200 OK"
2026-03-19 10:14:06,625 [Teacher] HTTP Request: POST https://api.telegram.org/bot8619703324:AAFm2FxZI5k-cIAd4eRnIR1mqutF-SUFjLc/getUpdates "HTTP/1.1 200 OK"
2026-03-19 10:14:16,815 [Teacher] HTTP Request: POST https://api.telegram.org/bot8619703324:AAFm2FxZI5k-cIAd4eRnIR1mqutF-SUFjLc/getUpdates "HTTP/1.1 200 OK"
2026-03-19 10:14:26,930 [Teacher] HTTP Request: POST https://api.telegram.org/bot8619703324:AAFm2FxZI5k-cIAd4eRnIR1mqutF-SUFjLc/getUpdates "HTTP/1.1 200 OK"
2026-03-19 10:14:37,190 [Teacher] HTTP Request: POST https://api.telegram.org/bot8619703324:AAFm2FxZI5k-cIAd4eRnIR1mqutF-SUFjLc/getUpdates "HTTP/1.1 200 OK"
2026-03-19 10:14:47,427 [Teacher] HTTP Request: POST https://api.telegram.org/bot8619703324:AAFm2FxZI5k-cIAd4eRnIR1mqutF-SUFjLc/getUpdates "HTTP/1.1 200 OK"
2026-03-19 10:14:57,551 [Teacher] HTTP Request: POST https://api.telegram.org/bot8619703324:AAFm2FxZI5k-cIAd4eRnIR1mqutF-SUFjLc/getUpdates "HTTP/1.1 200 OK"
2026-03-19 10:15:07,667 [Teacher] HTTP Request: POST https://api.telegram.org/bot8619703324:AAFm2FxZI5k-cIAd4eRnIR1mqutF-SUFjLc/getUpdates "HTTP/1.1 200 OK"
2026-03-19 10:15:17,783 [Teacher] HTTP Request: POST https://api.telegram.org/bot8619703324:AAFm2FxZI5k-cIAd4eRnIR1mqutF-SUFjLc/getUpdates "HTTP/1.1 200 OK"
2026-03-19 10:15:27,904 [Teacher] HTTP Request: POST https://api.telegram.org/bot8619703324:AAFm2FxZI5k-cIAd4eRnIR1mqutF-SUFjLc/getUpdates "HTTP/1.1 200 OK"
2026-03-19 10:15:38,119 [Teacher] HTTP Request: POST https://api.telegram.org/bot8619703324:AAFm2FxZI5k-cIAd4eRnIR1mqutF-SUFjLc/getUpdates "HTTP/1.1 200 OK"
2026-03-19 10:15:48,275 [Teacher] HTTP Request: POST https://api.telegram.org/bot8619703324:AAFm2FxZI5k-cIAd4eRnIR1mqutF-SUFjLc/getUpdates "HTTP/1.1 200 OK"
2026-03-19 10:15:58,410 [Teacher] HTTP Request: POST https://api.telegram.org/bot8619703324:AAFm2FxZI5k-cIAd4eRnIR1mqutF-SUFjLc/getUpdates "HTTP/1.1 200 OK"
2026-03-19 10:16:08,527 [Teacher] HTTP Request: POST https://api.telegram.org/bot8619703324:AAFm2FxZI5k-cIAd4eRnIR1mqutF-SUFjLc/getUpdates "HTTP/1.1 200 OK"
2026-03-19 10:16:18,660 [Teacher] HTTP Request: POST https://api.telegram.org/bot8619703324:AAFm2FxZI5k-cIAd4eRnIR1mqutF-SUFjLc/getUpdates "HTTP/1.1 200 OK"
2026-03-19 10:16:28,799 [Teacher] HTTP Request: POST https://api.telegram.org/bot8619703324:AAFm2FxZI5k-cIAd4eRnIR1mqutF-SUFjLc/getUpdates "HTTP/1.1 200 OK"
2026-03-19 10:16:38,966 [Teacher] HTTP Request: POST https://api.telegram.org/bot8619703324:AAFm2FxZI5k-cIAd4eRnIR1mqutF-SUFjLc/getUpdates "HTTP/1.1 200 OK"
2026-03-19 10:16:49,083 [Teacher] HTTP Request: POST https://api.telegram.org/bot8619703324:AAFm2FxZI5k-cIAd4eRnIR1mqutF-SUFjLc/getUpdates "HTTP/1.1 200 OK"
2026-03-19 10:16:59,219 [Teacher] HTTP Request: POST https://api.telegram.org/bot8619703324:AAFm2FxZI5k-cIAd4eRnIR1mqutF-SUFjLc/getUpdates "HTTP/1.1 200 OK"
2026-03-19 10:17:09,333 [Teacher] HTTP Request: POST https://api.telegram.org/bot8619703324:AAFm2FxZI5k-cIAd4eRnIR1mqutF-SUFjLc/getUpdates "HTTP/1.1 200 OK"
2026-03-19 10:17:19,455 [Teacher] HTTP Request: POST https://api.telegram.org/bot8619703324:AAFm2FxZI5k-cIAd4eRnIR1mqutF-SUFjLc/getUpdates "HTTP/1.1 200 OK"
2026-03-19 10:17:29,587 [Teacher] HTTP Request: POST https://api.telegram.org/bot8619703324:AAFm2FxZI5k-cIAd4eRnIR1mqutF-SUFjLc/getUpdates "HTTP/1.1 200 OK"
2026-03-19 10:17:39,715 [Teacher] HTTP Request: POST https://api.telegram.org/bot8619703324:AAFm2FxZI5k-cIAd4eRnIR1mqutF-SUFjLc/getUpdates "HTTP/1.1 200 OK"
2026-03-19 10:17:49,833 [Teacher] HTTP Request: POST https://api.telegram.org/bot8619703324:AAFm2FxZI5k-cIAd4eRnIR1mqutF-SUFjLc/getUpdates "HTTP/1.1 200 OK"
2026-03-19 10:17:59,958 [Teacher] HTTP Request: POST https://api.telegram.org/bot8619703324:AAFm2FxZI5k-cIAd4eRnIR1mqutF-SUFjLc/getUpdates "HTTP/1.1 200 OK"
2026-03-19 10:18:10,087 [Teacher] HTTP Request: POST https://api.telegram.org/bot8619703324:AAFm2FxZI5k-cIAd4eRnIR1mqutF-SUFjLc/getUpdates "HTTP/1.1 200 OK"
2026-03-19 10:18:20,256 [Teacher] HTTP Request: POST https://api.telegram.org/bot8619703324:AAFm2FxZI5k-cIAd4eRnIR1mqutF-SUFjLc/getUpdates "HTTP/1.1 200 OK"
2026-03-19 10:18:30,382 [Teacher] HTTP Request: POST https://api.telegram.org/bot8619703324:AAFm2FxZI5k-cIAd4eRnIR1mqutF-SUFjLc/getUpdates "HTTP/1.1 200 OK"
2026-03-19 10:18:40,503 [Teacher] HTTP Request: POST https://api.telegram.org/bot8619703324:AAFm2FxZI5k-cIAd4eRnIR1mqutF-SUFjLc/getUpdates "HTTP/1.1 200 OK"
2026-03-19 10:18:50,657 [Teacher] HTTP Request: POST https://api.telegram.org/bot8619703324:AAFm2FxZI5k-cIAd4eRnIR1mqutF-SUFjLc/getUpdates "HTTP/1.1 200 OK"
2026-03-19 10:19:00,798 [Teacher] HTTP Request: POST https://api.telegram.org/bot8619703324:AAFm2FxZI5k-cIAd4eRnIR1mqutF-SUFjLc/getUpdates "HTTP/1.1 200 OK"
